[ 2016-06-27T00:48:27+08:00 ] 127.0.0.1 /css/style.css
INFO: [ app_init ] --START--
INFO: Run Behavior\BuildLiteBehavior [ RunTime:0.000022s ]
INFO: [ app_init ] --END-- [ RunTime:0.000501s ]
ERR: Êó†Ê≥ïÂä†ËΩΩÊ®°Âùó:Css/style

[ 2016-06-27T00:48:27+08:00 ] 127.0.0.1 /images/logo.gif
INFO: [ app_init ] --START--
INFO: Run Behavior\BuildLiteBehavior [ RunTime:0.000026s ]
INFO: [ app_init ] --END-- [ RunTime:0.000919s ]
ERR: Êó†Ê≥ïÂä†ËΩΩÊ®°Âùó:Images/logo

[ 2016-06-27T00:48:27+08:00 ] 127.0.0.1 /images/biao6.gif
INFO: [ app_init ] --START--
INFO: Run Behavior\BuildLiteBehavior [ RunTime:0.000023s ]
INFO: [ app_init ] --END-- [ RunTime:0.000469s ]
ERR: Êó†Ê≥ïÂä†ËΩΩÊ®°Âùó:Images/biao6

[ 2016-06-27T00:48:27+08:00 ] 127.0.0.1 /images/biao3.gif
INFO: [ app_init ] --START--
INFO: Run Behavior\BuildLiteBehavior [ RunTime:0.000021s ]
INFO: [ app_init ] --END-- [ RunTime:0.000476s ]
ERR: Êó†Ê≥ïÂä†ËΩΩÊ®°Âùó:Images/biao3

[ 2016-06-27T00:48:27+08:00 ] 127.0.0.1 /images/biao7.gif
INFO: [ app_init ] --START--
INFO: Run Behavior\BuildLiteBehavior [ RunTime:0.000024s ]
INFO: [ app_init ] --END-- [ RunTime:0.000790s ]
ERR: Êó†Ê≥ïÂä†ËΩΩÊ®°Âùó:Images/biao7

[ 2016-06-27T00:48:27+08:00 ] 127.0.0.1 /images/top_1.gif
INFO: [ app_init ] --START--
INFO: Run Behavior\BuildLiteBehavior [ RunTime:0.000024s ]
INFO: [ app_init ] --END-- [ RunTime:0.000521s ]
ERR: Êó†Ê≥ïÂä†ËΩΩÊ®°Âùó:Images/top_1

[ 2016-06-27T00:48:27+08:00 ] 127.0.0.1 /images/3_thumb_G_1241422082679.jpg
INFO: [ app_init ] --START--
INFO: Run Behavior\BuildLiteBehavior [ RunTime:0.000021s ]
INFO: [ app_init ] --END-- [ RunTime:0.000430s ]
ERR: Êó†Ê≥ïÂä†ËΩΩÊ®°Âùó:Images/3_thumb_G_1241422082679

[ 2016-06-27T00:48:27+08:00 ] 127.0.0.1 /images/24_thumb_G_1241971981429.jpg
INFO: [ app_init ] --START--
INFO: Run Behavior\BuildLiteBehavior [ RunTime:0.000040s ]
INFO: [ app_init ] --END-- [ RunTime:0.000560s ]
ERR: Êó†Ê≥ïÂä†ËΩΩÊ®°Âùó:Images/24_thumb_G_1241971981429

[ 2016-06-27T00:48:27+08:00 ] 127.0.0.1 /images/top_3.gif
INFO: [ app_init ] --START--
INFO: Run Behavior\BuildLiteBehavior [ RunTime:0.000020s ]
INFO: [ app_init ] --END-- [ RunTime:0.000411s ]
ERR: Êó†Ê≥ïÂä†ËΩΩÊ®°Âùó:Images/top_3

[ 2016-06-27T00:48:27+08:00 ] 127.0.0.1 /images/12_thumb_G_1241965978410.jpg
INFO: [ app_init ] --START--
INFO: Run Behavior\BuildLiteBehavior [ RunTime:0.000023s ]
INFO: [ app_init ] --END-- [ RunTime:0.000531s ]
ERR: Êó†Ê≥ïÂä†ËΩΩÊ®°Âùó:Images/12_thumb_G_1241965978410

[ 2016-06-27T00:48:27+08:00 ] 127.0.0.1 /images/top_2.gif
INFO: [ app_init ] --START--
INFO: Run Behavior\BuildLiteBehavior [ RunTime:0.000021s ]
INFO: [ app_init ] --END-- [ RunTime:0.000504s ]
ERR: Êó†Ê≥ïÂä†ËΩΩÊ®°Âùó:Images/top_2

[ 2016-06-27T00:48:27+08:00 ] 127.0.0.1 /images/top_4.gif
INFO: [ app_init ] --START--
INFO: Run Behavior\BuildLiteBehavior [ RunTime:0.000025s ]
INFO: [ app_init ] --END-- [ RunTime:0.000954s ]
ERR: Êó†Ê≥ïÂä†ËΩΩÊ®°Âùó:Images/top_4

[ 2016-06-27T00:48:27+08:00 ] 127.0.0.1 /images/top_5.gif
INFO: [ app_init ] --START--
INFO: Run Behavior\BuildLiteBehavior [ RunTime:0.000024s ]
INFO: [ app_init ] --END-- [ RunTime:0.000696s ]
ERR: Êó†Ê≥ïÂä†ËΩΩÊ®°Âùó:Images/top_5

[ 2016-06-27T00:48:27+08:00 ] 127.0.0.1 /images/top_7.gif
INFO: [ app_init ] --START--
INFO: Run Behavior\BuildLiteBehavior [ RunTime:0.000023s ]
INFO: [ app_init ] --END-- [ RunTime:0.000503s ]
ERR: Êó†Ê≥ïÂä†ËΩΩÊ®°Âùó:Images/top_7

[ 2016-06-27T00:48:27+08:00 ] 127.0.0.1 /images/9_thumb_G_1241511871555.jpg
INFO: [ app_init ] --START--
INFO: Run Behavior\BuildLiteBehavior [ RunTime:0.000020s ]
INFO: [ app_init ] --END-- [ RunTime:0.000439s ]
ERR: Êó†Ê≥ïÂä†ËΩΩÊ®°Âùó:Images/9_thumb_G_1241511871555

[ 2016-06-27T00:48:27+08:00 ] 127.0.0.1 /images/top_6.gif
INFO: [ app_init ] --START--
INFO: Run Behavior\BuildLiteBehavior [ RunTime:0.000022s ]
INFO: [ app_init ] --END-- [ RunTime:0.000515s ]
ERR: Êó†Ê≥ïÂä†ËΩΩÊ®°Âùó:Images/top_6

[ 2016-06-27T00:48:27+08:00 ] 127.0.0.1 /images/111.jpg
INFO: [ app_init ] --START--
INFO: Run Behavior\BuildLiteBehavior [ RunTime:0.000023s ]
INFO: [ app_init ] --END-- [ RunTime:0.000577s ]
ERR: Êó†Ê≥ïÂä†ËΩΩÊ®°Âùó:Images/111

[ 2016-06-27T00:48:27+08:00 ] 127.0.0.1 /images/1240803062307572427.gif
INFO: [ app_init ] --START--
INFO: Run Behavior\BuildLiteBehavior [ RunTime:0.000024s ]
INFO: [ app_init ] --END-- [ RunTime:0.000926s ]
ERR: Êó†Ê≥ïÂä†ËΩΩÊ®°Âùó:Images/1240803062307572427

[ 2016-06-27T00:48:27+08:00 ] 127.0.0.1 /images/di.jpg
INFO: [ app_init ] --START--
INFO: Run Behavior\BuildLiteBehavior [ RunTime:0.000021s ]
INFO: [ app_init ] --END-- [ RunTime:0.000433s ]
ERR: Êó†Ê≥ïÂä†ËΩΩÊ®°Âùó:Images/di

[ 2016-06-27T00:48:27+08:00 ] 127.0.0.1 /images/8_thumb_G_1241425513488.jpg
INFO: [ app_init ] --START--
INFO: Run Behavior\BuildLiteBehavior [ RunTime:0.000023s ]
INFO: [ app_init ] --END-- [ RunTime:0.001338s ]
ERR: Êó†Ê≥ïÂä†ËΩΩÊ®°Âùó:Images/8_thumb_G_1241425513488

[ 2016-06-27T00:48:27+08:00 ] 127.0.0.1 /images/ecmoban_link.jpg
INFO: [ app_init ] --START--
INFO: Run Behavior\BuildLiteBehavior [ RunTime:0.000022s ]
INFO: [ app_init ] --END-- [ RunTime:0.000454s ]
ERR: Êó†Ê≥ïÂä†ËΩΩÊ®°Âùó:Images/ecmoban_link

[ 2016-06-27T00:48:27+08:00 ] 127.0.0.1 /images/1_thumb_G_1240902890710.jpg
INFO: [ app_init ] --START--
INFO: Run Behavior\BuildLiteBehavior [ RunTime:0.000021s ]
INFO: [ app_init ] --END-- [ RunTime:0.000421s ]
ERR: Êó†Ê≥ïÂä†ËΩΩÊ®°Âùó:Images/1_thumb_G_1240902890710

[ 2016-06-27T00:48:27+08:00 ] 127.0.0.1 /images/1240802922410634065.gif
INFO: [ app_init ] --START--
INFO: Run Behavior\BuildLiteBehavior [ RunTime:0.000022s ]
INFO: [ app_init ] --END-- [ RunTime:0.000505s ]
ERR: Êó†Ê≥ïÂä†ËΩΩÊ®°Âùó:Images/1240802922410634065

[ 2016-06-27T00:48:27+08:00 ] 127.0.0.1 /images/1240803144788047486.gif
INFO: [ app_init ] --START--
INFO: Run Behavior\BuildLiteBehavior [ RunTime:0.000018s ]
INFO: [ app_init ] --END-- [ RunTime:0.000826s ]
ERR: Êó†Ê≥ïÂä†ËΩΩÊ®°Âùó:Images/1240803144788047486

[ 2016-06-27T00:48:27+08:00 ] 127.0.0.1 /images/yongda_logo.gif
INFO: [ app_init ] --START--
INFO: Run Behavior\BuildLiteBehavior [ RunTime:0.000020s ]
INFO: [ app_init ] --END-- [ RunTime:0.000416s ]
ERR: Êó†Ê≥ïÂä†ËΩΩÊ®°Âùó:Images/yongda_logo

[ 2016-06-27T00:48:27+08:00 ] 127.0.0.1 /images/sousuo.gif
INFO: [ app_init ] --START--
INFO: Run Behavior\BuildLiteBehavior [ RunTime:0.000023s ]
INFO: [ app_init ] --END-- [ RunTime:0.000469s ]
ERR: Êó†Ê≥ïÂä†ËΩΩÊ®°Âùó:Images/sousuo

[ 2016-06-27T00:48:27+08:00 ] 127.0.0.1 /favicon.ico
INFO: [ app_init ] --START--
INFO: Run Behavior\BuildLiteBehavior [ RunTime:0.000025s ]
INFO: [ app_init ] --END-- [ RunTime:0.000566s ]
ERR: Êó†Ê≥ïÂä†ËΩΩÊ®°Âùó:Favicon

[ 2016-06-27T00:50:23+08:00 ] 127.0.0.1 /css/style.css
INFO: [ app_init ] --START--
INFO: Run Behavior\BuildLiteBehavior [ RunTime:0.000019s ]
INFO: [ app_init ] --END-- [ RunTime:0.000423s ]
ERR: Êó†Ê≥ïÂä†ËΩΩÊ®°Âùó:Css/style

[ 2016-06-27T00:50:23+08:00 ] 127.0.0.1 /images/logo.gif
INFO: [ app_init ] --START--
INFO: Run Behavior\BuildLiteBehavior [ RunTime:0.000025s ]
INFO: [ app_init ] --END-- [ RunTime:0.000848s ]
ERR: Êó†Ê≥ïÂä†ËΩΩÊ®°Âùó:Images/logo

[ 2016-06-27T00:50:24+08:00 ] 127.0.0.1 /images/biao6.gif
INFO: [ app_init ] --START--
INFO: Run Behavior\BuildLiteBehavior [ RunTime:0.000021s ]
INFO: [ app_init ] --END-- [ RunTime:0.000440s ]
ERR: Êó†Ê≥ïÂä†ËΩΩÊ®°Âùó:Images/biao6

[ 2016-06-27T00:50:24+08:00 ] 127.0.0.1 /images/biao3.gif
INFO: [ app_init ] --START--
INFO: Run Behavior\BuildLiteBehavior [ RunTime:0.000024s ]
INFO: [ app_init ] --END-- [ RunTime:0.000805s ]
ERR: Êó†Ê≥ïÂä†ËΩΩÊ®°Âùó:Images/biao3

[ 2016-06-27T00:50:24+08:00 ] 127.0.0.1 /images/top_1.gif
INFO: [ app_init ] --START--
INFO: Run Behavior\BuildLiteBehavior [ RunTime:0.000020s ]
INFO: [ app_init ] --END-- [ RunTime:0.000420s ]
ERR: Êó†Ê≥ïÂä†ËΩΩÊ®°Âùó:Images/top_1

[ 2016-06-27T00:50:24+08:00 ] 127.0.0.1 /images/3_thumb_G_1241422082679.jpg
INFO: [ app_init ] --START--
INFO: Run Behavior\BuildLiteBehavior [ RunTime:0.000021s ]
INFO: [ app_init ] --END-- [ RunTime:0.000391s ]
ERR: Êó†Ê≥ïÂä†ËΩΩÊ®°Âùó:Images/3_thumb_G_1241422082679

[ 2016-06-27T00:50:24+08:00 ] 127.0.0.1 /images/biao7.gif
INFO: [ app_init ] --START--
INFO: Run Behavior\BuildLiteBehavior [ RunTime:0.000021s ]
INFO: [ app_init ] --END-- [ RunTime:0.000532s ]
ERR: Êó†Ê≥ïÂä†ËΩΩÊ®°Âùó:Images/biao7

[ 2016-06-27T00:50:24+08:00 ] 127.0.0.1 /images/24_thumb_G_1241971981429.jpg
INFO: [ app_init ] --START--
INFO: Run Behavior\BuildLiteBehavior [ RunTime:0.000018s ]
INFO: [ app_init ] --END-- [ RunTime:0.000705s ]
ERR: Êó†Ê≥ïÂä†ËΩΩÊ®°Âùó:Images/24_thumb_G_1241971981429

[ 2016-06-27T00:50:24+08:00 ] 127.0.0.1 /images/top_2.gif
INFO: [ app_init ] --START--
INFO: Run Behavior\BuildLiteBehavior [ RunTime:0.000024s ]
INFO: [ app_init ] --END-- [ RunTime:0.000566s ]
ERR: Êó†Ê≥ïÂä†ËΩΩÊ®°Âùó:Images/top_2

[ 2016-06-27T00:50:24+08:00 ] 127.0.0.1 /images/12_thumb_G_1241965978410.jpg
INFO: [ app_init ] --START--
INFO: Run Behavior\BuildLiteBehavior [ RunTime:0.000021s ]
INFO: [ app_init ] --END-- [ RunTime:0.000439s ]
ERR: Êó†Ê≥ïÂä†ËΩΩÊ®°Âùó:Images/12_thumb_G_1241965978410

[ 2016-06-27T00:50:24+08:00 ] 127.0.0.1 /images/top_4.gif
INFO: [ app_init ] --START--
INFO: Run Behavior\BuildLiteBehavior [ RunTime:0.000021s ]
INFO: [ app_init ] --END-- [ RunTime:0.000415s ]
ERR: Êó†Ê≥ïÂä†ËΩΩÊ®°Âùó:Images/top_4

[ 2016-06-27T00:50:24+08:00 ] 127.0.0.1 /images/top_5.gif
INFO: [ app_init ] --START--
INFO: Run Behavior\BuildLiteBehavior [ RunTime:0.000021s ]
INFO: [ app_init ] --END-- [ RunTime:0.000416s ]
ERR: Êó†Ê≥ïÂä†ËΩΩÊ®°Âùó:Images/top_5

[ 2016-06-27T00:50:24+08:00 ] 127.0.0.1 /images/top_6.gif
INFO: [ app_init ] --START--
INFO: Run Behavior\BuildLiteBehavior [ RunTime:0.000018s ]
INFO: [ app_init ] --END-- [ RunTime:0.000387s ]
ERR: Êó†Ê≥ïÂä†ËΩΩÊ®°Âùó:Images/top_6

[ 2016-06-27T00:50:24+08:00 ] 127.0.0.1 /images/1240803062307572427.gif
INFO: [ app_init ] --START--
INFO: Run Behavior\BuildLiteBehavior [ RunTime:0.000019s ]
INFO: [ app_init ] --END-- [ RunTime:0.000676s ]
ERR: Êó†Ê≥ïÂä†ËΩΩÊ®°Âùó:Images/1240803062307572427

[ 2016-06-27T00:50:24+08:00 ] 127.0.0.1 /images/top_7.gif
INFO: [ app_init ] --START--
INFO: Run Behavior\BuildLiteBehavior [ RunTime:0.000019s ]
INFO: [ app_init ] --END-- [ RunTime:0.000435s ]
ERR: Êó†Ê≥ïÂä†ËΩΩÊ®°Âùó:Images/top_7

[ 2016-06-27T00:50:24+08:00 ] 127.0.0.1 /images/9_thumb_G_1241511871555.jpg
INFO: [ app_init ] --START--
INFO: Run Behavior\BuildLiteBehavior [ RunTime:0.000021s ]
INFO: [ app_init ] --END-- [ RunTime:0.000409s ]
ERR: Êó†Ê≥ïÂä†ËΩΩÊ®°Âùó:Images/9_thumb_G_1241511871555

[ 2016-06-27T00:50:24+08:00 ] 127.0.0.1 /images/8_thumb_G_1241425513488.jpg
INFO: [ app_init ] --START--
INFO: Run Behavior\BuildLiteBehavior [ RunTime:0.000021s ]
INFO: [ app_init ] --END-- [ RunTime:0.000417s ]
ERR: Êó†Ê≥ïÂä†ËΩΩÊ®°Âùó:Images/8_thumb_G_1241425513488

[ 2016-06-27T00:50:24+08:00 ] 127.0.0.1 /images/1_thumb_G_1240902890710.jpg
INFO: [ app_init ] --START--
INFO: Run Behavior\BuildLiteBehavior [ RunTime:0.000023s ]
INFO: [ app_init ] --END-- [ RunTime:0.000521s ]
ERR: Êó†Ê≥ïÂä†ËΩΩÊ®°Âùó:Images/1_thumb_G_1240902890710

[ 2016-06-27T00:50:24+08:00 ] 127.0.0.1 /images/di.jpg
INFO: [ app_init ] --START--
INFO: Run Behavior\BuildLiteBehavior [ RunTime:0.000022s ]
INFO: [ app_init ] --END-- [ RunTime:0.000463s ]
ERR: Êó†Ê≥ïÂä†ËΩΩÊ®°Âùó:Images/di

[ 2016-06-27T00:50:24+08:00 ] 127.0.0.1 /images/ecmoban_link.jpg
INFO: [ app_init ] --START--
INFO: Run Behavior\BuildLiteBehavior [ RunTime:0.000028s ]
INFO: [ app_init ] --END-- [ RunTime:0.001070s ]
ERR: Êó†Ê≥ïÂä†ËΩΩÊ®°Âùó:Images/ecmoban_link

[ 2016-06-27T00:50:24+08:00 ] 127.0.0.1 /images/1240802922410634065.gif
INFO: [ app_init ] --START--
INFO: Run Behavior\BuildLiteBehavior [ RunTime:0.000020s ]
INFO: [ app_init ] --END-- [ RunTime:0.000415s ]
ERR: Êó†Ê≥ïÂä†ËΩΩÊ®°Âùó:Images/1240802922410634065

[ 2016-06-27T00:50:24+08:00 ] 127.0.0.1 /images/1240803144788047486.gif
INFO: [ app_init ] --START--
INFO: Run Behavior\BuildLiteBehavior [ RunTime:0.000057s ]
INFO: [ app_init ] --END-- [ RunTime:0.001383s ]
ERR: Êó†Ê≥ïÂä†ËΩΩÊ®°Âùó:Images/1240803144788047486

[ 2016-06-27T00:50:24+08:00 ] 127.0.0.1 /images/111.jpg
INFO: [ app_init ] --START--
INFO: Run Behavior\BuildLiteBehavior [ RunTime:0.000021s ]
INFO: [ app_init ] --END-- [ RunTime:0.000848s ]
ERR: Êó†Ê≥ïÂä†ËΩΩÊ®°Âùó:Images/111

[ 2016-06-27T00:50:24+08:00 ] 127.0.0.1 /images/yongda_logo.gif
INFO: [ app_init ] --START--
INFO: Run Behavior\BuildLiteBehavior [ RunTime:0.000024s ]
INFO: [ app_init ] --END-- [ RunTime:0.000459s ]
ERR: Êó†Ê≥ïÂä†ËΩΩÊ®°Âùó:Images/yongda_logo

[ 2016-06-27T00:50:24+08:00 ] 127.0.0.1 /images/sousuo.gif
INFO: [ app_init ] --START--
INFO: Run Behavior\BuildLiteBehavior [ RunTime:0.000022s ]
INFO: [ app_init ] --END-- [ RunTime:0.000470s ]
ERR: Êó†Ê≥ïÂä†ËΩΩÊ®°Âùó:Images/sousuo

[ 2016-06-27T00:50:27+08:00 ] 127.0.0.1 /css/style.css
INFO: [ app_init ] --START--
INFO: Run Behavior\BuildLiteBehavior [ RunTime:0.000020s ]
INFO: [ app_init ] --END-- [ RunTime:0.000428s ]
ERR: Êó†Ê≥ïÂä†ËΩΩÊ®°Âùó:Css/style

[ 2016-06-27T00:50:27+08:00 ] 127.0.0.1 /images/logo.gif
INFO: [ app_init ] --START--
INFO: Run Behavior\BuildLiteBehavior [ RunTime:0.000017s ]
INFO: [ app_init ] --END-- [ RunTime:0.000384s ]
ERR: Êó†Ê≥ïÂä†ËΩΩÊ®°Âùó:Images/logo

[ 2016-06-27T00:50:27+08:00 ] 127.0.0.1 /images/biao3.gif
INFO: [ app_init ] --START--
INFO: Run Behavior\BuildLiteBehavior [ RunTime:0.000020s ]
INFO: [ app_init ] --END-- [ RunTime:0.000420s ]
ERR: Êó†Ê≥ïÂä†ËΩΩÊ®°Âùó:Images/biao3

[ 2016-06-27T00:50:27+08:00 ] 127.0.0.1 /images/biao7.gif
INFO: [ app_init ] --START--
INFO: Run Behavior\BuildLiteBehavior [ RunTime:0.000028s ]
INFO: [ app_init ] --END-- [ RunTime:0.000573s ]
ERR: Êó†Ê≥ïÂä†ËΩΩÊ®°Âùó:Images/biao7

[ 2016-06-27T00:50:27+08:00 ] 127.0.0.1 /images/top_2.gif
INFO: [ app_init ] --START--
INFO: Run Behavior\BuildLiteBehavior [ RunTime:0.000022s ]
INFO: [ app_init ] --END-- [ RunTime:0.000444s ]
ERR: Êó†Ê≥ïÂä†ËΩΩÊ®°Âùó:Images/top_2

[ 2016-06-27T00:50:27+08:00 ] 127.0.0.1 /images/24_thumb_G_1241971981429.jpg
INFO: [ app_init ] --START--
INFO: Run Behavior\BuildLiteBehavior [ RunTime:0.000048s ]
INFO: [ app_init ] --END-- [ RunTime:0.000570s ]
ERR: Êó†Ê≥ïÂä†ËΩΩÊ®°Âùó:Images/24_thumb_G_1241971981429

[ 2016-06-27T00:50:27+08:00 ] 127.0.0.1 /images/top_3.gif
INFO: [ app_init ] --START--
INFO: Run Behavior\BuildLiteBehavior [ RunTime:0.000020s ]
INFO: [ app_init ] --END-- [ RunTime:0.000407s ]
ERR: Êó†Ê≥ïÂä†ËΩΩÊ®°Âùó:Images/top_3

[ 2016-06-27T00:50:27+08:00 ] 127.0.0.1 /images/top_1.gif
INFO: [ app_init ] --START--
INFO: Run Behavior\BuildLiteBehavior [ RunTime:0.000022s ]
INFO: [ app_init ] --END-- [ RunTime:0.000455s ]
ERR: Êó†Ê≥ïÂä†ËΩΩÊ®°Âùó:Images/top_1

[ 2016-06-27T00:50:27+08:00 ] 127.0.0.1 /images/12_thumb_G_1241965978410.jpg
INFO: [ app_init ] --START--
INFO: Run Behavior\BuildLiteBehavior [ RunTime:0.000022s ]
INFO: [ app_init ] --END-- [ RunTime:0.000498s ]
ERR: Êó†Ê≥ïÂä†ËΩΩÊ®°Âùó:Images/12_thumb_G_1241965978410

[ 2016-06-27T00:50:27+08:00 ] 127.0.0.1 /images/biao6.gif
INFO: [ app_init ] --START--
INFO: Run Behavior\BuildLiteBehavior [ RunTime:0.000032s ]
INFO: [ app_init ] --END-- [ RunTime:0.000431s ]
ERR: Êó†Ê≥ïÂä†ËΩΩÊ®°Âùó:Images/biao6

[ 2016-06-27T00:50:27+08:00 ] 127.0.0.1 /images/top_4.gif
INFO: [ app_init ] --START--
INFO: Run Behavior\BuildLiteBehavior [ RunTime:0.000139s ]
INFO: [ app_init ] --END-- [ RunTime:0.000908s ]
ERR: Êó†Ê≥ïÂä†ËΩΩÊ®°Âùó:Images/top_4

[ 2016-06-27T00:50:28+08:00 ] 127.0.0.1 /images/sousuo.gif
INFO: [ app_init ] --START--
INFO: Run Behavior\BuildLiteBehavior [ RunTime:0.000018s ]
INFO: [ app_init ] --END-- [ RunTime:0.000394s ]
ERR: Êó†Ê≥ïÂä†ËΩΩÊ®°Âùó:Images/sousuo

[ 2016-06-27T00:50:28+08:00 ] 127.0.0.1 /images/top_7.gif
INFO: [ app_init ] --START--
INFO: Run Behavior\BuildLiteBehavior [ RunTime:0.000022s ]
INFO: [ app_init ] --END-- [ RunTime:0.000606s ]
ERR: Êó†Ê≥ïÂä†ËΩΩÊ®°Âùó:Images/top_7

[ 2016-06-27T00:50:28+08:00 ] 127.0.0.1 /images/1240803062307572427.gif
INFO: [ app_init ] --START--
INFO: Run Behavior\BuildLiteBehavior [ RunTime:0.000020s ]
INFO: [ app_init ] --END-- [ RunTime:0.000431s ]
ERR: Êó†Ê≥ïÂä†ËΩΩÊ®°Âùó:Images/1240803062307572427

[ 2016-06-27T00:50:28+08:00 ] 127.0.0.1 /images/top_6.gif
INFO: [ app_init ] --START--
INFO: Run Behavior\BuildLiteBehavior [ RunTime:0.000021s ]
INFO: [ app_init ] --END-- [ RunTime:0.000485s ]
ERR: Êó†Ê≥ïÂä†ËΩΩÊ®°Âùó:Images/top_6

[ 2016-06-27T00:50:28+08:00 ] 127.0.0.1 /images/1240802922410634065.gif
INFO: [ app_init ] --START--
INFO: Run Behavior\BuildLiteBehavior [ RunTime:0.000020s ]
INFO: [ app_init ] --END-- [ RunTime:0.000410s ]
ERR: Êó†Ê≥ïÂä†ËΩΩÊ®°Âùó:Images/1240802922410634065

[ 2016-06-27T00:50:28+08:00 ] 127.0.0.1 /images/1240803144788047486.gif
INFO: [ app_init ] --START--
INFO: Run Behavior\BuildLiteBehavior [ RunTime:0.000021s ]
INFO: [ app_init ] --END-- [ RunTime:0.000528s ]
ERR: Êó†Ê≥ïÂä†ËΩΩÊ®°Âùó:Images/1240803144788047486

[ 2016-06-27T00:50:28+08:00 ] 127.0.0.1 /images/111.jpg
INFO: [ app_init ] --START--
INFO: Run Behavior\BuildLiteBehavior [ RunTime:0.000020s ]
INFO: [ app_init ] --END-- [ RunTime:0.000630s ]
ERR: Êó†Ê≥ïÂä†ËΩΩÊ®°Âùó:Images/111

[ 2016-06-27T00:50:28+08:00 ] 127.0.0.1 /images/1_thumb_G_1240902890710.jpg
INFO: [ app_init ] --START--
INFO: Run Behavior\BuildLiteBehavior [ RunTime:0.000020s ]
INFO: [ app_init ] --END-- [ RunTime:0.000412s ]
ERR: Êó†Ê≥ïÂä†ËΩΩÊ®°Âùó:Images/1_thumb_G_1240902890710

[ 2016-06-27T00:50:28+08:00 ] 127.0.0.1 /images/9_thumb_G_1241511871555.jpg
INFO: [ app_init ] --START--
INFO: Run Behavior\BuildLiteBehavior [ RunTime:0.000018s ]
INFO: [ app_init ] --END-- [ RunTime:0.000418s ]
ERR: Êó†Ê≥ïÂä†ËΩΩÊ®°Âùó:Images/9_thumb_G_1241511871555

[ 2016-06-27T00:50:28+08:00 ] 127.0.0.1 /images/8_thumb_G_1241425513488.jpg
INFO: [ app_init ] --START--
INFO: Run Behavior\BuildLiteBehavior [ RunTime:0.000019s ]
INFO: [ app_init ] --END-- [ RunTime:0.000465s ]
ERR: Êó†Ê≥ïÂä†ËΩΩÊ®°Âùó:Images/8_thumb_G_1241425513488

[ 2016-06-27T00:50:28+08:00 ] 127.0.0.1 /images/di.jpg
INFO: [ app_init ] --START--
INFO: Run Behavior\BuildLiteBehavior [ RunTime:0.000019s ]
INFO: [ app_init ] --END-- [ RunTime:0.000427s ]
ERR: Êó†Ê≥ïÂä†ËΩΩÊ®°Âùó:Images/di

[ 2016-06-27T00:50:28+08:00 ] 127.0.0.1 /images/ecmoban_link.jpg
INFO: [ app_init ] --START--
INFO: Run Behavior\BuildLiteBehavior [ RunTime:0.000019s ]
INFO: [ app_init ] --END-- [ RunTime:0.000405s ]
ERR: Êó†Ê≥ïÂä†ËΩΩÊ®°Âùó:Images/ecmoban_link

[ 2016-06-27T00:50:28+08:00 ] 127.0.0.1 /images/top_5.gif
INFO: [ app_init ] --START--
INFO: Run Behavior\BuildLiteBehavior [ RunTime:0.000032s ]
INFO: [ app_init ] --END-- [ RunTime:0.000852s ]
ERR: Êó†Ê≥ïÂä†ËΩΩÊ®°Âùó:Images/top_5

[ 2016-06-27T00:50:28+08:00 ] 127.0.0.1 /images/yongda_logo.gif
INFO: [ app_init ] --START--
INFO: Run Behavior\BuildLiteBehavior [ RunTime:0.000021s ]
INFO: [ app_init ] --END-- [ RunTime:0.000572s ]
ERR: Êó†Ê≥ïÂä†ËΩΩÊ®°Âùó:Images/yongda_logo

[ 2016-06-27T00:50:28+08:00 ] 127.0.0.1 /images/3_thumb_G_1241422082679.jpg
INFO: [ app_init ] --START--
INFO: Run Behavior\BuildLiteBehavior [ RunTime:0.000022s ]
INFO: [ app_init ] --END-- [ RunTime:0.000681s ]
ERR: Êó†Ê≥ïÂä†ËΩΩÊ®°Âùó:Images/3_thumb_G_1241422082679

[ 2016-06-27T00:52:20+08:00 ] 127.0.0.1 /css/style.css
INFO: [ app_init ] --START--
INFO: Run Behavior\BuildLiteBehavior [ RunTime:0.000023s ]
INFO: [ app_init ] --END-- [ RunTime:0.000505s ]
ERR: Êó†Ê≥ïÂä†ËΩΩÊ®°Âùó:Css/style

[ 2016-06-27T00:52:25+08:00 ] 127.0.0.1 /css/style.css
INFO: [ app_init ] --START--
INFO: Run Behavior\BuildLiteBehavior [ RunTime:0.000024s ]
INFO: [ app_init ] --END-- [ RunTime:0.000532s ]
ERR: Êó†Ê≥ïÂä†ËΩΩÊ®°Âùó:Css/style

[ 2016-06-27T00:52:25+08:00 ] 127.0.0.1 /images/logo.gif
INFO: [ app_init ] --START--
INFO: Run Behavior\BuildLiteBehavior [ RunTime:0.000023s ]
INFO: [ app_init ] --END-- [ RunTime:0.000474s ]
ERR: Êó†Ê≥ïÂä†ËΩΩÊ®°Âùó:Images/logo

[ 2016-06-27T00:52:25+08:00 ] 127.0.0.1 /images/biao6.gif
INFO: [ app_init ] --START--
INFO: Run Behavior\BuildLiteBehavior [ RunTime:0.000022s ]
INFO: [ app_init ] --END-- [ RunTime:0.000455s ]
ERR: Êó†Ê≥ïÂä†ËΩΩÊ®°Âùó:Images/biao6

[ 2016-06-27T00:52:26+08:00 ] 127.0.0.1 /images/sousuo.gif
INFO: [ app_init ] --START--
INFO: Run Behavior\BuildLiteBehavior [ RunTime:0.000027s ]
INFO: [ app_init ] --END-- [ RunTime:0.000899s ]
ERR: Êó†Ê≥ïÂä†ËΩΩÊ®°Âùó:Images/sousuo

[ 2016-06-27T00:52:26+08:00 ] 127.0.0.1 /images/24_thumb_G_1241971981429.jpg
INFO: [ app_init ] --START--
INFO: Run Behavior\BuildLiteBehavior [ RunTime:0.000033s ]
INFO: [ app_init ] --END-- [ RunTime:0.000617s ]
ERR: Êó†Ê≥ïÂä†ËΩΩÊ®°Âùó:Images/24_thumb_G_1241971981429

[ 2016-06-27T00:52:26+08:00 ] 127.0.0.1 /images/top_3.gif
INFO: [ app_init ] --START--
INFO: Run Behavior\BuildLiteBehavior [ RunTime:0.000021s ]
INFO: [ app_init ] --END-- [ RunTime:0.000431s ]
ERR: Êó†Ê≥ïÂä†ËΩΩÊ®°Âùó:Images/top_3

[ 2016-06-27T00:52:26+08:00 ] 127.0.0.1 /images/top_2.gif
INFO: [ app_init ] --START--
INFO: Run Behavior\BuildLiteBehavior [ RunTime:0.000024s ]
INFO: [ app_init ] --END-- [ RunTime:0.000830s ]
ERR: Êó†Ê≥ïÂä†ËΩΩÊ®°Âùó:Images/top_2

[ 2016-06-27T00:52:26+08:00 ] 127.0.0.1 /images/12_thumb_G_1241965978410.jpg
INFO: [ app_init ] --START--
INFO: Run Behavior\BuildLiteBehavior [ RunTime:0.000022s ]
INFO: [ app_init ] --END-- [ RunTime:0.000446s ]
ERR: Êó†Ê≥ïÂä†ËΩΩÊ®°Âùó:Images/12_thumb_G_1241965978410

[ 2016-06-27T00:52:26+08:00 ] 127.0.0.1 /images/biao3.gif
INFO: [ app_init ] --START--
INFO: Run Behavior\BuildLiteBehavior [ RunTime:0.000039s ]
INFO: [ app_init ] --END-- [ RunTime:0.001521s ]
ERR: Êó†Ê≥ïÂä†ËΩΩÊ®°Âùó:Images/biao3

[ 2016-06-27T00:52:26+08:00 ] 127.0.0.1 /images/biao7.gif
INFO: [ app_init ] --START--
INFO: Run Behavior\BuildLiteBehavior [ RunTime:0.000024s ]
INFO: [ app_init ] --END-- [ RunTime:0.000472s ]
ERR: Êó†Ê≥ïÂä†ËΩΩÊ®°Âùó:Images/biao7

[ 2016-06-27T00:52:26+08:00 ] 127.0.0.1 /images/top_1.gif
INFO: [ app_init ] --START--
INFO: Run Behavior\BuildLiteBehavior [ RunTime:0.000024s ]
INFO: [ app_init ] --END-- [ RunTime:0.000535s ]
ERR: Êó†Ê≥ïÂä†ËΩΩÊ®°Âùó:Images/top_1

[ 2016-06-27T00:52:26+08:00 ] 127.0.0.1 /images/3_thumb_G_1241422082679.jpg
INFO: [ app_init ] --START--
INFO: Run Behavior\BuildLiteBehavior [ RunTime:0.000022s ]
INFO: [ app_init ] --END-- [ RunTime:0.000476s ]
ERR: Êó†Ê≥ïÂä†ËΩΩÊ®°Âùó:Images/3_thumb_G_1241422082679

[ 2016-06-27T00:52:26+08:00 ] 127.0.0.1 /images/top_5.gif
INFO: [ app_init ] --START--
INFO: Run Behavior\BuildLiteBehavior [ RunTime:0.000022s ]
INFO: [ app_init ] --END-- [ RunTime:0.000491s ]
ERR: Êó†Ê≥ïÂä†ËΩΩÊ®°Âùó:Images/top_5

[ 2016-06-27T00:52:26+08:00 ] 127.0.0.1 /images/top_6.gif
INFO: [ app_init ] --START--
INFO: Run Behavior\BuildLiteBehavior [ RunTime:0.000021s ]
INFO: [ app_init ] --END-- [ RunTime:0.000407s ]
ERR: Êó†Ê≥ïÂä†ËΩΩÊ®°Âùó:Images/top_6

[ 2016-06-27T00:52:26+08:00 ] 127.0.0.1 /images/111.jpg
INFO: [ app_init ] --START--
INFO: Run Behavior\BuildLiteBehavior [ RunTime:0.000020s ]
INFO: [ app_init ] --END-- [ RunTime:0.000425s ]
ERR: Êó†Ê≥ïÂä†ËΩΩÊ®°Âùó:Images/111

[ 2016-06-27T00:52:26+08:00 ] 127.0.0.1 /images/9_thumb_G_1241511871555.jpg
INFO: [ app_init ] --START--
INFO: Run Behavior\BuildLiteBehavior [ RunTime:0.000020s ]
INFO: [ app_init ] --END-- [ RunTime:0.000406s ]
ERR: Êó†Ê≥ïÂä†ËΩΩÊ®°Âùó:Images/9_thumb_G_1241511871555

[ 2016-06-27T00:52:26+08:00 ] 127.0.0.1 /images/1_thumb_G_1240902890710.jpg
INFO: [ app_init ] --START--
INFO: Run Behavior\BuildLiteBehavior [ RunTime:0.000022s ]
INFO: [ app_init ] --END-- [ RunTime:0.000454s ]
ERR: Êó†Ê≥ïÂä†ËΩΩÊ®°Âùó:Images/1_thumb_G_1240902890710

[ 2016-06-27T00:52:26+08:00 ] 127.0.0.1 /images/8_thumb_G_1241425513488.jpg
INFO: [ app_init ] --START--
INFO: Run Behavior\BuildLiteBehavior [ RunTime:0.000021s ]
INFO: [ app_init ] --END-- [ RunTime:0.000418s ]
ERR: Êó†Ê≥ïÂä†ËΩΩÊ®°Âùó:Images/8_thumb_G_1241425513488

[ 2016-06-27T00:52:26+08:00 ] 127.0.0.1 /images/top_7.gif
INFO: [ app_init ] --START--
INFO: Run Behavior\BuildLiteBehavior [ RunTime:0.000020s ]
INFO: [ app_init ] --END-- [ RunTime:0.000465s ]
ERR: Êó†Ê≥ïÂä†ËΩΩÊ®°Âùó:Images/top_7

[ 2016-06-27T00:52:26+08:00 ] 127.0.0.1 /images/di.jpg
INFO: [ app_init ] --START--
INFO: Run Behavior\BuildLiteBehavior [ RunTime:0.000022s ]
INFO: [ app_init ] --END-- [ RunTime:0.000797s ]
ERR: Êó†Ê≥ïÂä†ËΩΩÊ®°Âùó:Images/di

[ 2016-06-27T00:52:26+08:00 ] 127.0.0.1 /images/1240802922410634065.gif
INFO: [ app_init ] --START--
INFO: Run Behavior\BuildLiteBehavior [ RunTime:0.000021s ]
INFO: [ app_init ] --END-- [ RunTime:0.000599s ]
ERR: Êó†Ê≥ïÂä†ËΩΩÊ®°Âùó:Images/1240802922410634065

[ 2016-06-27T00:52:26+08:00 ] 127.0.0.1 /images/ecmoban_link.jpg
INFO: [ app_init ] --START--
INFO: Run Behavior\BuildLiteBehavior [ RunTime:0.000020s ]
INFO: [ app_init ] --END-- [ RunTime:0.000484s ]
ERR: Êó†Ê≥ïÂä†ËΩΩÊ®°Âùó:Images/ecmoban_link

[ 2016-06-27T00:52:26+08:00 ] 127.0.0.1 /images/yongda_logo.gif
INFO: [ app_init ] --START--
INFO: Run Behavior\BuildLiteBehavior [ RunTime:0.000018s ]
INFO: [ app_init ] --END-- [ RunTime:0.000420s ]
ERR: Êó†Ê≥ïÂä†ËΩΩÊ®°Âùó:Images/yongda_logo

[ 2016-06-27T00:52:26+08:00 ] 127.0.0.1 /images/1240803062307572427.gif
INFO: [ app_init ] --START--
INFO: Run Behavior\BuildLiteBehavior [ RunTime:0.000021s ]
INFO: [ app_init ] --END-- [ RunTime:0.000495s ]
ERR: Êó†Ê≥ïÂä†ËΩΩÊ®°Âùó:Images/1240803062307572427

[ 2016-06-27T00:52:26+08:00 ] 127.0.0.1 /images/1240803144788047486.gif
INFO: [ app_init ] --START--
INFO: Run Behavior\BuildLiteBehavior [ RunTime:0.000024s ]
INFO: [ app_init ] --END-- [ RunTime:0.000744s ]
ERR: Êó†Ê≥ïÂä†ËΩΩÊ®°Âùó:Images/1240803144788047486

[ 2016-06-27T00:52:26+08:00 ] 127.0.0.1 /images/top_4.gif
INFO: [ app_init ] --START--
INFO: Run Behavior\BuildLiteBehavior [ RunTime:0.000023s ]
INFO: [ app_init ] --END-- [ RunTime:0.000464s ]
ERR: Êó†Ê≥ïÂä†ËΩΩÊ®°Âùó:Images/top_4

[ 2016-06-27T00:52:30+08:00 ] 127.0.0.1 /images/logo.gif
INFO: [ app_init ] --START--
INFO: Run Behavior\BuildLiteBehavior [ RunTime:0.000023s ]
INFO: [ app_init ] --END-- [ RunTime:0.000399s ]
ERR: Êó†Ê≥ïÂä†ËΩΩÊ®°Âùó:Images/logo

[ 2016-06-27T00:52:30+08:00 ] 127.0.0.1 /css/style.css
INFO: [ app_init ] --START--
INFO: Run Behavior\BuildLiteBehavior [ RunTime:0.000021s ]
INFO: [ app_init ] --END-- [ RunTime:0.000441s ]
ERR: Êó†Ê≥ïÂä†ËΩΩÊ®°Âùó:Css/style

[ 2016-06-27T00:52:30+08:00 ] 127.0.0.1 /images/biao6.gif
INFO: [ app_init ] --START--
INFO: Run Behavior\BuildLiteBehavior [ RunTime:0.000022s ]
INFO: [ app_init ] --END-- [ RunTime:0.000473s ]
ERR: Êó†Ê≥ïÂä†ËΩΩÊ®°Âùó:Images/biao6

[ 2016-06-27T00:52:30+08:00 ] 127.0.0.1 /images/top_1.gif
INFO: [ app_init ] --START--
INFO: Run Behavior\BuildLiteBehavior [ RunTime:0.000020s ]
INFO: [ app_init ] --END-- [ RunTime:0.000460s ]
ERR: Êó†Ê≥ïÂä†ËΩΩÊ®°Âùó:Images/top_1

[ 2016-06-27T00:52:30+08:00 ] 127.0.0.1 /images/3_thumb_G_1241422082679.jpg
INFO: [ app_init ] --START--
INFO: Run Behavior\BuildLiteBehavior [ RunTime:0.000017s ]
INFO: [ app_init ] --END-- [ RunTime:0.000416s ]
ERR: Êó†Ê≥ïÂä†ËΩΩÊ®°Âùó:Images/3_thumb_G_1241422082679

[ 2016-06-27T00:52:30+08:00 ] 127.0.0.1 /images/sousuo.gif
INFO: [ app_init ] --START--
INFO: Run Behavior\BuildLiteBehavior [ RunTime:0.000018s ]
INFO: [ app_init ] --END-- [ RunTime:0.000380s ]
ERR: Êó†Ê≥ïÂä†ËΩΩÊ®°Âùó:Images/sousuo

[ 2016-06-27T00:52:30+08:00 ] 127.0.0.1 /images/top_2.gif
INFO: [ app_init ] --START--
INFO: Run Behavior\BuildLiteBehavior [ RunTime:0.000020s ]
INFO: [ app_init ] --END-- [ RunTime:0.000556s ]
ERR: Êó†Ê≥ïÂä†ËΩΩÊ®°Âùó:Images/top_2

[ 2016-06-27T00:52:30+08:00 ] 127.0.0.1 /images/biao7.gif
INFO: [ app_init ] --START--
INFO: Run Behavior\BuildLiteBehavior [ RunTime:0.000065s ]
INFO: [ app_init ] --END-- [ RunTime:0.000486s ]
ERR: Êó†Ê≥ïÂä†ËΩΩÊ®°Âùó:Images/biao7

[ 2016-06-27T00:52:30+08:00 ] 127.0.0.1 /images/biao3.gif
INFO: [ app_init ] --START--
INFO: Run Behavior\BuildLiteBehavior [ RunTime:0.000018s ]
INFO: [ app_init ] --END-- [ RunTime:0.000395s ]
ERR: Êó†Ê≥ïÂä†ËΩΩÊ®°Âùó:Images/biao3

[ 2016-06-27T00:52:30+08:00 ] 127.0.0.1 /images/24_thumb_G_1241971981429.jpg
INFO: [ app_init ] --START--
INFO: Run Behavior\BuildLiteBehavior [ RunTime:0.000026s ]
INFO: [ app_init ] --END-- [ RunTime:0.000546s ]
ERR: Êó†Ê≥ïÂä†ËΩΩÊ®°Âùó:Images/24_thumb_G_1241971981429

[ 2016-06-27T00:52:30+08:00 ] 127.0.0.1 /images/top_3.gif
INFO: [ app_init ] --START--
INFO: Run Behavior\BuildLiteBehavior [ RunTime:0.000028s ]
INFO: [ app_init ] --END-- [ RunTime:0.000525s ]
ERR: Êó†Ê≥ïÂä†ËΩΩÊ®°Âùó:Images/top_3

[ 2016-06-27T00:52:30+08:00 ] 127.0.0.1 /images/12_thumb_G_1241965978410.jpg
INFO: [ app_init ] --START--
INFO: Run Behavior\BuildLiteBehavior [ RunTime:0.000023s ]
INFO: [ app_init ] --END-- [ RunTime:0.000479s ]
ERR: Êó†Ê≥ïÂä†ËΩΩÊ®°Âùó:Images/12_thumb_G_1241965978410

[ 2016-06-27T00:52:30+08:00 ] 127.0.0.1 /images/top_5.gif
INFO: [ app_init ] --START--
INFO: Run Behavior\BuildLiteBehavior [ RunTime:0.000020s ]
INFO: [ app_init ] --END-- [ RunTime:0.000420s ]
ERR: Êó†Ê≥ïÂä†ËΩΩÊ®°Âùó:Images/top_5

[ 2016-06-27T00:52:30+08:00 ] 127.0.0.1 /images/1240802922410634065.gif
INFO: [ app_init ] --START--
INFO: Run Behavior\BuildLiteBehavior [ RunTime:0.000018s ]
INFO: [ app_init ] --END-- [ RunTime:0.000377s ]
ERR: Êó†Ê≥ïÂä†ËΩΩÊ®°Âùó:Images/1240802922410634065

[ 2016-06-27T00:52:30+08:00 ] 127.0.0.1 /images/top_6.gif
INFO: [ app_init ] --START--
INFO: Run Behavior\BuildLiteBehavior [ RunTime:0.000074s ]
INFO: [ app_init ] --END-- [ RunTime:0.000467s ]
ERR: Êó†Ê≥ïÂä†ËΩΩÊ®°Âùó:Images/top_6

[ 2016-06-27T00:52:30+08:00 ] 127.0.0.1 /images/111.jpg
INFO: [ app_init ] --START--
INFO: Run Behavior\BuildLiteBehavior [ RunTime:0.000022s ]
INFO: [ app_init ] --END-- [ RunTime:0.000422s ]
ERR: Êó†Ê≥ïÂä†ËΩΩÊ®°Âùó:Images/111

[ 2016-06-27T00:52:30+08:00 ] 127.0.0.1 /images/1_thumb_G_1240902890710.jpg
INFO: [ app_init ] --START--
INFO: Run Behavior\BuildLiteBehavior [ RunTime:0.000021s ]
INFO: [ app_init ] --END-- [ RunTime:0.000432s ]
ERR: Êó†Ê≥ïÂä†ËΩΩÊ®°Âùó:Images/1_thumb_G_1240902890710

[ 2016-06-27T00:52:30+08:00 ] 127.0.0.1 /images/9_thumb_G_1241511871555.jpg
INFO: [ app_init ] --START--
INFO: Run Behavior\BuildLiteBehavior [ RunTime:0.000022s ]
INFO: [ app_init ] --END-- [ RunTime:0.000597s ]
ERR: Êó†Ê≥ïÂä†ËΩΩÊ®°Âùó:Images/9_thumb_G_1241511871555

[ 2016-06-27T00:52:30+08:00 ] 127.0.0.1 /images/8_thumb_G_1241425513488.jpg
INFO: [ app_init ] --START--
INFO: Run Behavior\BuildLiteBehavior [ RunTime:0.000020s ]
INFO: [ app_init ] --END-- [ RunTime:0.000406s ]
ERR: Êó†Ê≥ïÂä†ËΩΩÊ®°Âùó:Images/8_thumb_G_1241425513488

[ 2016-06-27T00:52:30+08:00 ] 127.0.0.1 /images/top_7.gif
INFO: [ app_init ] --START--
INFO: Run Behavior\BuildLiteBehavior [ RunTime:0.000023s ]
INFO: [ app_init ] --END-- [ RunTime:0.000728s ]
ERR: Êó†Ê≥ïÂä†ËΩΩÊ®°Âùó:Images/top_7

[ 2016-06-27T00:52:30+08:00 ] 127.0.0.1 /images/ecmoban_link.jpg
INFO: [ app_init ] --START--
INFO: Run Behavior\BuildLiteBehavior [ RunTime:0.000022s ]
INFO: [ app_init ] --END-- [ RunTime:0.000491s ]
ERR: Êó†Ê≥ïÂä†ËΩΩÊ®°Âùó:Images/ecmoban_link

[ 2016-06-27T00:52:30+08:00 ] 127.0.0.1 /images/yongda_logo.gif
INFO: [ app_init ] --START--
INFO: Run Behavior\BuildLiteBehavior [ RunTime:0.000022s ]
INFO: [ app_init ] --END-- [ RunTime:0.000429s ]
ERR: Êó†Ê≥ïÂä†ËΩΩÊ®°Âùó:Images/yongda_logo

[ 2016-06-27T00:52:30+08:00 ] 127.0.0.1 /images/top_4.gif
INFO: [ app_init ] --START--
INFO: Run Behavior\BuildLiteBehavior [ RunTime:0.000025s ]
INFO: [ app_init ] --END-- [ RunTime:0.000468s ]
ERR: Êó†Ê≥ïÂä†ËΩΩÊ®°Âùó:Images/top_4

[ 2016-06-27T00:52:30+08:00 ] 127.0.0.1 /images/1240803144788047486.gif
INFO: [ app_init ] --START--
INFO: Run Behavior\BuildLiteBehavior [ RunTime:0.000024s ]
INFO: [ app_init ] --END-- [ RunTime:0.000898s ]
ERR: Êó†Ê≥ïÂä†ËΩΩÊ®°Âùó:Images/1240803144788047486

[ 2016-06-27T00:52:30+08:00 ] 127.0.0.1 /images/1240803062307572427.gif
INFO: [ app_init ] --START--
INFO: Run Behavior\BuildLiteBehavior [ RunTime:0.000028s ]
INFO: [ app_init ] --END-- [ RunTime:0.001035s ]
ERR: Êó†Ê≥ïÂä†ËΩΩÊ®°Âùó:Images/1240803062307572427

[ 2016-06-27T00:52:30+08:00 ] 127.0.0.1 /images/di.jpg
INFO: [ app_init ] --START--
INFO: Run Behavior\BuildLiteBehavior [ RunTime:0.000024s ]
INFO: [ app_init ] --END-- [ RunTime:0.000492s ]
ERR: Êó†Ê≥ïÂä†ËΩΩÊ®°Âùó:Images/di

[ 2016-06-27T00:52:34+08:00 ] 127.0.0.1 /css/style.css
INFO: [ app_init ] --START--
INFO: Run Behavior\BuildLiteBehavior [ RunTime:0.000022s ]
INFO: [ app_init ] --END-- [ RunTime:0.000455s ]
ERR: Êó†Ê≥ïÂä†ËΩΩÊ®°Âùó:Css/style

[ 2016-06-27T00:52:34+08:00 ] 127.0.0.1 /images/logo.gif
INFO: [ app_init ] --START--
INFO: Run Behavior\BuildLiteBehavior [ RunTime:0.000023s ]
INFO: [ app_init ] --END-- [ RunTime:0.000462s ]
ERR: Êó†Ê≥ïÂä†ËΩΩÊ®°Âùó:Images/logo

[ 2016-06-27T00:52:34+08:00 ] 127.0.0.1 /images/biao6.gif
INFO: [ app_init ] --START--
INFO: Run Behavior\BuildLiteBehavior [ RunTime:0.000023s ]
INFO: [ app_init ] --END-- [ RunTime:0.000418s ]
ERR: Êó†Ê≥ïÂä†ËΩΩÊ®°Âùó:Images/biao6

[ 2016-06-27T00:52:34+08:00 ] 127.0.0.1 /images/biao3.gif
INFO: [ app_init ] --START--
INFO: Run Behavior\BuildLiteBehavior [ RunTime:0.000020s ]
INFO: [ app_init ] --END-- [ RunTime:0.000467s ]
ERR: Êó†Ê≥ïÂä†ËΩΩÊ®°Âùó:Images/biao3

[ 2016-06-27T00:52:34+08:00 ] 127.0.0.1 /images/biao7.gif
INFO: [ app_init ] --START--
INFO: Run Behavior\BuildLiteBehavior [ RunTime:0.000021s ]
INFO: [ app_init ] --END-- [ RunTime:0.000420s ]
ERR: Êó†Ê≥ïÂä†ËΩΩÊ®°Âùó:Images/biao7

[ 2016-06-27T00:52:34+08:00 ] 127.0.0.1 /images/top_1.gif
INFO: [ app_init ] --START--
INFO: Run Behavior\BuildLiteBehavior [ RunTime:0.000024s ]
INFO: [ app_init ] --END-- [ RunTime:0.000602s ]
ERR: Êó†Ê≥ïÂä†ËΩΩÊ®°Âùó:Images/top_1

[ 2016-06-27T00:52:34+08:00 ] 127.0.0.1 /images/3_thumb_G_1241422082679.jpg
INFO: [ app_init ] --START--
INFO: Run Behavior\BuildLiteBehavior [ RunTime:0.000019s ]
INFO: [ app_init ] --END-- [ RunTime:0.000434s ]
ERR: Êó†Ê≥ïÂä†ËΩΩÊ®°Âùó:Images/3_thumb_G_1241422082679

[ 2016-06-27T00:52:34+08:00 ] 127.0.0.1 /images/sousuo.gif
INFO: [ app_init ] --START--
INFO: Run Behavior\BuildLiteBehavior [ RunTime:0.000018s ]
INFO: [ app_init ] --END-- [ RunTime:0.000409s ]
ERR: Êó†Ê≥ïÂä†ËΩΩÊ®°Âùó:Images/sousuo

[ 2016-06-27T00:52:34+08:00 ] 127.0.0.1 /images/top_4.gif
INFO: [ app_init ] --START--
INFO: Run Behavior\BuildLiteBehavior [ RunTime:0.000025s ]
INFO: [ app_init ] --END-- [ RunTime:0.000465s ]
ERR: Êó†Ê≥ïÂä†ËΩΩÊ®°Âùó:Images/top_4

[ 2016-06-27T00:52:34+08:00 ] 127.0.0.1 /images/top_3.gif
INFO: [ app_init ] --START--
INFO: Run Behavior\BuildLiteBehavior [ RunTime:0.000028s ]
INFO: [ app_init ] --END-- [ RunTime:0.000451s ]
ERR: Êó†Ê≥ïÂä†ËΩΩÊ®°Âùó:Images/top_3

[ 2016-06-27T00:52:34+08:00 ] 127.0.0.1 /images/top_5.gif
INFO: [ app_init ] --START--
INFO: Run Behavior\BuildLiteBehavior [ RunTime:0.000021s ]
INFO: [ app_init ] --END-- [ RunTime:0.000422s ]
ERR: Êó†Ê≥ïÂä†ËΩΩÊ®°Âùó:Images/top_5

[ 2016-06-27T00:52:34+08:00 ] 127.0.0.1 /images/top_6.gif
INFO: [ app_init ] --START--
INFO: Run Behavior\BuildLiteBehavior [ RunTime:0.000022s ]
INFO: [ app_init ] --END-- [ RunTime:0.000460s ]
ERR: Êó†Ê≥ïÂä†ËΩΩÊ®°Âùó:Images/top_6

[ 2016-06-27T00:52:34+08:00 ] 127.0.0.1 /images/1240803062307572427.gif
INFO: [ app_init ] --START--
INFO: Run Behavior\BuildLiteBehavior [ RunTime:0.000023s ]
INFO: [ app_init ] --END-- [ RunTime:0.000699s ]
ERR: Êó†Ê≥ïÂä†ËΩΩÊ®°Âùó:Images/1240803062307572427

[ 2016-06-27T00:52:34+08:00 ] 127.0.0.1 /images/1240802922410634065.gif
INFO: [ app_init ] --START--
INFO: Run Behavior\BuildLiteBehavior [ RunTime:0.000026s ]
INFO: [ app_init ] --END-- [ RunTime:0.000561s ]
ERR: Êó†Ê≥ïÂä†ËΩΩÊ®°Âùó:Images/1240802922410634065

[ 2016-06-27T00:52:34+08:00 ] 127.0.0.1 /images/top_7.gif
INFO: [ app_init ] --START--
INFO: Run Behavior\BuildLiteBehavior [ RunTime:0.000021s ]
INFO: [ app_init ] --END-- [ RunTime:0.000459s ]
ERR: Êó†Ê≥ïÂä†ËΩΩÊ®°Âùó:Images/top_7

[ 2016-06-27T00:52:34+08:00 ] 127.0.0.1 /images/1240803144788047486.gif
INFO: [ app_init ] --START--
INFO: Run Behavior\BuildLiteBehavior [ RunTime:0.000027s ]
INFO: [ app_init ] --END-- [ RunTime:0.000710s ]
ERR: Êó†Ê≥ïÂä†ËΩΩÊ®°Âùó:Images/1240803144788047486

[ 2016-06-27T00:52:34+08:00 ] 127.0.0.1 /images/111.jpg
INFO: [ app_init ] --START--
INFO: Run Behavior\BuildLiteBehavior [ RunTime:0.000021s ]
INFO: [ app_init ] --END-- [ RunTime:0.000422s ]
ERR: Êó†Ê≥ïÂä†ËΩΩÊ®°Âùó:Images/111

[ 2016-06-27T00:52:34+08:00 ] 127.0.0.1 /images/9_thumb_G_1241511871555.jpg
INFO: [ app_init ] --START--
INFO: Run Behavior\BuildLiteBehavior [ RunTime:0.000024s ]
INFO: [ app_init ] --END-- [ RunTime:0.000444s ]
ERR: Êó†Ê≥ïÂä†ËΩΩÊ®°Âùó:Images/9_thumb_G_1241511871555

[ 2016-06-27T00:52:34+08:00 ] 127.0.0.1 /images/1_thumb_G_1240902890710.jpg
INFO: [ app_init ] --START--
INFO: Run Behavior\BuildLiteBehavior [ RunTime:0.000023s ]
INFO: [ app_init ] --END-- [ RunTime:0.000434s ]
ERR: Êó†Ê≥ïÂä†ËΩΩÊ®°Âùó:Images/1_thumb_G_1240902890710

[ 2016-06-27T00:52:34+08:00 ] 127.0.0.1 /images/8_thumb_G_1241425513488.jpg
INFO: [ app_init ] --START--
INFO: Run Behavior\BuildLiteBehavior [ RunTime:0.000018s ]
INFO: [ app_init ] --END-- [ RunTime:0.000382s ]
ERR: Êó†Ê≥ïÂä†ËΩΩÊ®°Âùó:Images/8_thumb_G_1241425513488

[ 2016-06-27T00:52:34+08:00 ] 127.0.0.1 /images/di.jpg
INFO: [ app_init ] --START--
INFO: Run Behavior\BuildLiteBehavior [ RunTime:0.000028s ]
INFO: [ app_init ] --END-- [ RunTime:0.000509s ]
ERR: Êó†Ê≥ïÂä†ËΩΩÊ®°Âùó:Images/di

[ 2016-06-27T00:52:34+08:00 ] 127.0.0.1 /images/yongda_logo.gif
INFO: [ app_init ] --START--
INFO: Run Behavior\BuildLiteBehavior [ RunTime:0.000026s ]
INFO: [ app_init ] --END-- [ RunTime:0.000450s ]
ERR: Êó†Ê≥ïÂä†ËΩΩÊ®°Âùó:Images/yongda_logo

[ 2016-06-27T00:52:34+08:00 ] 127.0.0.1 /images/12_thumb_G_1241965978410.jpg
INFO: [ app_init ] --START--
INFO: Run Behavior\BuildLiteBehavior [ RunTime:0.000024s ]
INFO: [ app_init ] --END-- [ RunTime:0.000469s ]
ERR: Êó†Ê≥ïÂä†ËΩΩÊ®°Âùó:Images/12_thumb_G_1241965978410

[ 2016-06-27T00:52:34+08:00 ] 127.0.0.1 /images/24_thumb_G_1241971981429.jpg
INFO: [ app_init ] --START--
INFO: Run Behavior\BuildLiteBehavior [ RunTime:0.000021s ]
INFO: [ app_init ] --END-- [ RunTime:0.000519s ]
ERR: Êó†Ê≥ïÂä†ËΩΩÊ®°Âùó:Images/24_thumb_G_1241971981429

[ 2016-06-27T00:52:34+08:00 ] 127.0.0.1 /images/top_2.gif
INFO: [ app_init ] --START--
INFO: Run Behavior\BuildLiteBehavior [ RunTime:0.000059s ]
INFO: [ app_init ] --END-- [ RunTime:0.016273s ]
ERR: Êó†Ê≥ïÂä†ËΩΩÊ®°Âùó:Images/top_2

[ 2016-06-27T00:52:34+08:00 ] 127.0.0.1 /images/ecmoban_link.jpg
INFO: [ app_init ] --START--
INFO: Run Behavior\BuildLiteBehavior [ RunTime:0.000039s ]
INFO: [ app_init ] --END-- [ RunTime:0.002332s ]
ERR: Êó†Ê≥ïÂä†ËΩΩÊ®°Âùó:Images/ecmoban_link

[ 2016-06-27T00:52:57+08:00 ] 127.0.0.1 /css/style.css
INFO: [ app_init ] --START--
INFO: Run Behavior\BuildLiteBehavior [ RunTime:0.000023s ]
INFO: [ app_init ] --END-- [ RunTime:0.000512s ]
ERR: Êó†Ê≥ïÂä†ËΩΩÊ®°Âùó:Css/style

[ 2016-06-27T00:52:57+08:00 ] 127.0.0.1 /images/logo.gif
INFO: [ app_init ] --START--
INFO: Run Behavior\BuildLiteBehavior [ RunTime:0.000020s ]
INFO: [ app_init ] --END-- [ RunTime:0.000427s ]
ERR: Êó†Ê≥ïÂä†ËΩΩÊ®°Âùó:Images/logo

[ 2016-06-27T00:52:57+08:00 ] 127.0.0.1 /images/sousuo.gif
INFO: [ app_init ] --START--
INFO: Run Behavior\BuildLiteBehavior [ RunTime:0.000034s ]
INFO: [ app_init ] --END-- [ RunTime:0.000592s ]
ERR: Êó†Ê≥ïÂä†ËΩΩÊ®°Âùó:Images/sousuo

[ 2016-06-27T00:52:57+08:00 ] 127.0.0.1 /images/24_thumb_G_1241971981429.jpg
INFO: [ app_init ] --START--
INFO: Run Behavior\BuildLiteBehavior [ RunTime:0.000020s ]
INFO: [ app_init ] --END-- [ RunTime:0.000418s ]
ERR: Êó†Ê≥ïÂä†ËΩΩÊ®°Âùó:Images/24_thumb_G_1241971981429

[ 2016-06-27T00:52:57+08:00 ] 127.0.0.1 /images/3_thumb_G_1241422082679.jpg
INFO: [ app_init ] --START--
INFO: Run Behavior\BuildLiteBehavior [ RunTime:0.000021s ]
INFO: [ app_init ] --END-- [ RunTime:0.000424s ]
ERR: Êó†Ê≥ïÂä†ËΩΩÊ®°Âùó:Images/3_thumb_G_1241422082679

[ 2016-06-27T00:52:57+08:00 ] 127.0.0.1 /images/top_3.gif
INFO: [ app_init ] --START--
INFO: Run Behavior\BuildLiteBehavior [ RunTime:0.000019s ]
INFO: [ app_init ] --END-- [ RunTime:0.000396s ]
ERR: Êó†Ê≥ïÂä†ËΩΩÊ®°Âùó:Images/top_3

[ 2016-06-27T00:52:57+08:00 ] 127.0.0.1 /images/biao7.gif
INFO: [ app_init ] --START--
INFO: Run Behavior\BuildLiteBehavior [ RunTime:0.000022s ]
INFO: [ app_init ] --END-- [ RunTime:0.000484s ]
ERR: Êó†Ê≥ïÂä†ËΩΩÊ®°Âùó:Images/biao7

[ 2016-06-27T00:52:57+08:00 ] 127.0.0.1 /images/top_4.gif
INFO: [ app_init ] --START--
INFO: Run Behavior\BuildLiteBehavior [ RunTime:0.000023s ]
INFO: [ app_init ] --END-- [ RunTime:0.000596s ]
ERR: Êó†Ê≥ïÂä†ËΩΩÊ®°Âùó:Images/top_4

[ 2016-06-27T00:52:57+08:00 ] 127.0.0.1 /images/top_1.gif
INFO: [ app_init ] --START--
INFO: Run Behavior\BuildLiteBehavior [ RunTime:0.000018s ]
INFO: [ app_init ] --END-- [ RunTime:0.000393s ]
ERR: Êó†Ê≥ïÂä†ËΩΩÊ®°Âùó:Images/top_1

ùó:Images/12_thumb_G_1241965978410

[ 2016-06-27T00:52:57+08:00 ] 127.0.0.1 /images/top_2.gif
INFO: [ app_init ] --START--
INFO: Run Behavior\BuildLiteBehavior [ RunTime:0.000024s ]
INFO: [ app_init ] --END-- [ RunTime:0.000430s ]
ERR: Êó†Ê≥ïÂä†ËΩΩÊ®°Âùó:Images/top_2

[ 2016-06-27T00:52:57+08:00 ] 127.0.0.1 /images/biao3.gif
INFO: [ app_init ] --START--
INFO: Run Behavior\BuildLiteBehavior [ RunTime:0.000110s ]
INFO: [ app_init ] --END-- [ RunTime:0.000577s ]
ERR: Êó†Ê≥ïÂä†ËΩΩÊ®°Âùó:Images/biao3

[ 2016-06-27T00:52:57+08:00 ] 127.0.0.1 /images/top_5.gif
INFO: [ app_init ] --START--
INFO: Run Behavior\BuildLiteBehavior [ RunTime:0.000018s ]
INFO: [ app_init ] --END-- [ RunTime:0.000387s ]
ERR: Êó†Ê≥ïÂä†ËΩΩÊ®°Âùó:Images/top_5

[ 2016-06-27T00:52:57+08:00 ] 127.0.0.1 /images/top_7.gif
INFO: [ app_init ] --START--
INFO: Run Behavior\BuildLiteBehavior [ RunTime:0.000023s ]
INFO: [ app_init ] --END-- [ RunTime:0.000455s ]
ERR: Êó†Ê≥ïÂä†ËΩΩÊ®°Âùó:Images/top_7

[ 2016-06-27T00:52:57+08:00 ] 127.0.0.1 /images/biao6.gif
INFO: [ app_init ] --START--
INFO: Run Behavior\BuildLiteBehavior [ RunTime:0.000022s ]
INFO: [ app_init ] --END-- [ RunTime:0.000711s ]
ERR: Êó†Ê≥ïÂä†ËΩΩÊ®°Âùó:Images/biao6

[ 2016-06-27T00:52:57+08:00 ] 127.0.0.1 /images/1240803062307572427.gif
INFO: [ app_init ] --START--
INFO: Run Behavior\BuildLiteBehavior [ RunTime:0.000022s ]
INFO: [ app_init ] --END-- [ RunTime:0.000415s ]
ERR: Êó†Ê≥ïÂä†ËΩΩÊ®°Âùó:Images/1240803062307572427

[ 2016-06-27T00:52:57+08:00 ] 127.0.0.1 /images/top_6.gif
INFO: [ app_init ] --START--
INFO: Run Behavior\BuildLiteBehavior [ RunTime:0.000021s ]
INFO: [ app_init ] --END-- [ RunTime:0.000461s ]
ERR: Êó†Ê≥ïÂä†ËΩΩÊ®°Âùó:Images/top_6

[ 2016-06-27T00:52:57+08:00 ] 127.0.0.1 /images/1240803144788047486.gif
INFO: [ app_init ] --START--
INFO: Run Behavior\BuildLiteBehavior [ RunTime:0.000022s ]
INFO: [ app_init ] --END-- [ RunTime:0.000503s ]
ERR: Êó†Ê≥ïÂä†ËΩΩÊ®°Âùó:Images/1240803144788047486

[ 2016-06-27T00:52:57+08:00 ] 127.0.0.1 /images/1_thumb_G_1240902890710.jpg
INFO: [ app_init ] --START--
INFO: Run Behavior\BuildLiteBehavior [ RunTime:0.000022s ]
INFO: [ app_init ] --END-- [ RunTime:0.000448s ]
ERR: Êó†Ê≥ïÂä†ËΩΩÊ®°Âùó:Images/1_thumb_G_1240902890710

[ 2016-06-27T00:52:57+08:00 ] 127.0.0.1 /images/8_thumb_G_1241425513488.jpg
INFO: [ app_init ] --START--
INFO: Run Behavior\BuildLiteBehavior [ RunTime:0.000022s ]
INFO: [ app_init ] --END-- [ RunTime:0.000537s ]
ERR: Êó†Ê≥ïÂä†ËΩΩÊ®°Âùó:Images/8_thumb_G_1241425513488

[ 2016-06-27T00:52:58+08:00 ] 127.0.0.1 /images/1240802922410634065.gif
INFO: [ app_init ] --START--
INFO: Run Behavior\BuildLiteBehavior [ RunTime:0.000023s ]
INFO: [ app_init ] --END-- [ RunTime:0.000462s ]
ERR: Êó†Ê≥ïÂä†ËΩΩÊ®°Âùó:Images/1240802922410634065

[ 2016-06-27T00:52:58+08:00 ] 127.0.0.1 /images/9_thumb_G_1241511871555.jpg
INFO: [ app_init ] --START--
INFO: Run Behavior\BuildLiteBehavior [ RunTime:0.000024s ]
INFO: [ app_init ] --END-- [ RunTime:0.000854s ]
ERR: Êó†Ê≥ïÂä†ËΩΩÊ®°Âùó:Images/9_thumb_G_1241511871555

[ 2016-06-27T00:52:58+08:00 ] 127.0.0.1 /images/di.jpg
INFO: [ app_init ] --START--
INFO: Run Behavior\BuildLiteBehavior [ RunTime:0.000024s ]
INFO: [ app_init ] --END-- [ RunTime:0.000429s ]
ERR: Êó†Ê≥ïÂä†ËΩΩÊ®°Âùó:Images/di

[ 2016-06-27T00:52:58+08:00 ] 127.0.0.1 /images/yongda_logo.gif
INFO: [ app_init ] --START--
INFO: Run Behavior\BuildLiteBehavior [ RunTime:0.000024s ]
INFO: [ app_init ] --END-- [ RunTime:0.000462s ]
ERR: Êó†Ê≥ïÂä†ËΩΩÊ®°Âùó:Images/yongda_logo

[ 2016-06-27T00:52:58+08:00 ] 127.0.0.1 /images/ecmoban_link.jpg
INFO: [ app_init ] --START--
INFO: Run Behavior\BuildLiteBehavior [ RunTime:0.000030s ]
INFO: [ app_init ] --END-- [ RunTime:0.000585s ]
ERR: Êó†Ê≥ïÂä†ËΩΩÊ®°Âùó:Images/ecmoban_link

[ 2016-06-27T00:52:58+08:00 ] 127.0.0.1 /images/111.jpg
INFO: [ app_init ] --START--
INFO: Run Behavior\BuildLiteBehavior [ RunTime:0.000023s ]
INFO: [ app_init ] --END-- [ RunTime:0.000533s ]
ERR: Êó†Ê≥ïÂä†ËΩΩÊ®°Âùó:Images/111

[ 2016-06-27T00:53:50+08:00 ] 127.0.0.1 /css/style.css
INFO: [ app_init ] --START--
INFO: Run Behavior\BuildLiteBehavior [ RunTime:0.000018s ]
INFO: [ app_init ] --END-- [ RunTime:0.000395s ]
ERR: Êó†Ê≥ïÂä†ËΩΩÊ®°Âùó:Css/style

[ 2016-06-27T00:53:50+08:00 ] 127.0.0.1 /images/logo.gif
INFO: [ app_init ] --START--
INFO: Run Behavior\BuildLiteBehavior [ RunTime:0.000023s ]
INFO: [ app_init ] --END-- [ RunTime:0.000542s ]
ERR: Êó†Ê≥ïÂä†ËΩΩÊ®°Âùó:Images/logo

[ 2016-06-27T00:53:50+08:00 ] 127.0.0.1 /images/biao6.gif
INFO: [ app_init ] --START--
INFO: Run Behavior\BuildLiteBehavior [ RunTime:0.000020s ]
INFO: [ app_init ] --END-- [ RunTime:0.000408s ]
ERR: Êó†Ê≥ïÂä†ËΩΩÊ®°Âùó:Images/biao6

[ 2016-06-27T00:53:50+08:00 ] 127.0.0.1 /images/biao7.gif
INFO: [ app_init ] --START--
INFO: Run Behavior\BuildLiteBehavior [ RunTime:0.000024s ]
INFO: [ app_init ] --END-- [ RunTime:0.000486s ]
ERR: Êó†Ê≥ïÂä†ËΩΩÊ®°Âùó:Images/biao7

[ 2016-06-27T00:53:50+08:00 ] 127.0.0.1 /images/top_1.gif
INFO: [ app_init ] --START--
INFO: Run Behavior\BuildLiteBehavior [ RunTime:0.000022s ]
INFO: [ app_init ] --END-- [ RunTime:0.000535s ]
ERR: Êó†Ê≥ïÂä†ËΩΩÊ®°Âùó:Images/top_1

[ 2016-06-27T00:53:50+08:00 ] 127.0.0.1 /images/3_thumb_G_1241422082679.jpg
INFO: [ app_init ] --START--
INFO: Run Behavior\BuildLiteBehavior [ RunTime:0.000023s ]
INFO: [ app_init ] --END-- [ RunTime:0.000488s ]
ERR: Êó†Ê≥ïÂä†ËΩΩÊ®°Âùó:Images/3_thumb_G_1241422082679

[ 2016-06-27T00:53:50+08:00 ] 127.0.0.1 /images/top_2.gif
INFO: [ app_init ] --START--
INFO: Run Behavior\BuildLiteBehavior [ RunTime:0.000018s ]
INFO: [ app_init ] --END-- [ RunTime:0.000386s ]
ERR: Êó†Ê≥ïÂä†ËΩΩÊ®°Âùó:Images/top_2

[ 2016-06-27T00:53:50+08:00 ] 127.0.0.1 /images/biao3.gif
INFO: [ app_init ] --START--
INFO: Run Behavior\BuildLiteBehavior [ RunTime:0.000019s ]
INFO: [ app_init ] --END-- [ RunTime:0.000544s ]
ERR: Êó†Ê≥ïÂä†ËΩΩÊ®°Âùó:Images/biao3

[ 2016-06-27T00:53:50+08:00 ] 127.0.0.1 /images/24_thumb_G_1241971981429.jpg
INFO: [ app_init ] --START--
INFO: Run Behavior\BuildLiteBehavior [ RunTime:0.000021s ]
INFO: [ app_init ] --END-- [ RunTime:0.000415s ]
ERR: Êó†Ê≥ïÂä†ËΩΩÊ®°Âùó:Images/24_thumb_G_1241971981429

[ 2016-06-27T00:53:50+08:00 ] 127.0.0.1 /images/top_5.gif
INFO: [ app_init ] --START--
INFO: Run Behavior\BuildLiteBehavior [ RunTime:0.000020s ]
INFO: [ app_init ] --END-- [ RunTime:0.000389s ]
ERR: Êó†Ê≥ïÂä†ËΩΩÊ®°Âùó:Images/top_5

[ 2016-06-27T00:53:50+08:00 ] 127.0.0.1 /images/12_thumb_G_1241965978410.jpg
INFO: [ app_init ] --START--
INFO: Run Behavior\BuildLiteBehavior [ RunTime:0.000022s ]
INFO: [ app_init ] --END-- [ RunTime:0.000543s ]
ERR: Êó†Ê≥ïÂä†ËΩΩÊ®°Âùó:Images/12_thumb_G_1241965978410

[ 2016-06-27T00:53:50+08:00 ] 127.0.0.1 /images/top_3.gif
INFO: [ app_init ] --START--
INFO: Run Behavior\BuildLiteBehavior [ RunTime:0.000017s ]
INFO: [ app_init ] --END-- [ RunTime:0.000379s ]
ERR: Êó†Ê≥ïÂä†ËΩΩÊ®°Âùó:Images/top_3

[ 2016-06-27T00:53:50+08:00 ] 127.0.0.1 /images/top_6.gif
INFO: [ app_init ] --START--
INFO: Run Behavior\BuildLiteBehavior [ RunTime:0.000019s ]
INFO: [ app_init ] --END-- [ RunTime:0.000410s ]
ERR: Êó†Ê≥ïÂä†ËΩΩÊ®°Âùó:Images/top_6

[ 2016-06-27T00:53:50+08:00 ] 127.0.0.1 /images/top_4.gif
INFO: [ app_init ] --START--
INFO: Run Behavior\BuildLiteBehavior [ RunTime:0.000021s ]
INFO: [ app_init ] --END-- [ RunTime:0.000433s ]
ERR: Êó†Ê≥ïÂä†ËΩΩÊ®°Âùó:Images/top_4

[ 2016-06-27T00:53:50+08:00 ] 127.0.0.1 /images/top_7.gif
INFO: [ app_init ] --START--
INFO: Run Behavior\BuildLiteBehavior [ RunTime:0.000023s ]
INFO: [ app_init ] --END-- [ RunTime:0.000477s ]
ERR: Êó†Ê≥ïÂä†ËΩΩÊ®°Âùó:Images/top_7

[ 2016-06-27T00:53:51+08:00 ] 127.0.0.1 /images/1240803062307572427.gif
INFO: [ app_init ] --START--
INFO: Run Behavior\BuildLiteBehavior [ RunTime:0.000033s ]
INFO: [ app_init ] --END-- [ RunTime:0.000542s ]
ERR: Êó†Ê≥ïÂä†ËΩΩÊ®°Âùó:Images/1240803062307572427

[ 2016-06-27T00:53:51+08:00 ] 127.0.0.1 /images/1240802922410634065.gif
INFO: [ app_init ] --START--
INFO: Run Behavior\BuildLiteBehavior [ RunTime:0.000022s ]
INFO: [ app_init ] --END-- [ RunTime:0.000442s ]
ERR: Êó†Ê≥ïÂä†ËΩΩÊ®°Âùó:Images/1240802922410634065

[ 2016-06-27T00:53:51+08:00 ] 127.0.0.1 /images/1240803144788047486.gif
INFO: [ app_init ] --START--
INFO: Run Behavior\BuildLiteBehavior [ RunTime:0.000020s ]
INFO: [ app_init ] --END-- [ RunTime:0.000447s ]
ERR: Êó†Ê≥ïÂä†ËΩΩÊ®°Âùó:Images/1240803144788047486

[ 2016-06-27T00:53:51+08:00 ] 127.0.0.1 /images/111.jpg
INFO: [ app_init ] --START--
INFO: Run Behavior\BuildLiteBehavior [ RunTime:0.000019s ]
INFO: [ app_init ] --END-- [ RunTime:0.000387s ]
ERR: Êó†Ê≥ïÂä†ËΩΩÊ®°Âùó:Images/111

[ 2016-06-27T00:53:51+08:00 ] 127.0.0.1 /images/9_thumb_G_1241511871555.jpg
INFO: [ app_init ] --START--
INFO: Run Behavior\BuildLiteBehavior [ RunTime:0.000022s ]
INFO: [ app_init ] --END-- [ RunTime:0.000446s ]
ERR: Êó†Ê≥ïÂä†ËΩΩÊ®°Âùó:Images/9_thumb_G_1241511871555

[ 2016-06-27T00:53:51+08:00 ] 127.0.0.1 /images/1_thumb_G_1240902890710.jpg
INFO: [ app_init ] --START--
INFO: Run Behavior\BuildLiteBehavior [ RunTime:0.000019s ]
INFO: [ app_init ] --END-- [ RunTime:0.000398s ]
ERR: Êó†Ê≥ïÂä†ËΩΩÊ®°Âùó:Images/1_thumb_G_1240902890710

[ 2016-06-27T00:53:51+08:00 ] 127.0.0.1 /images/8_thumb_G_1241425513488.jpg
INFO: [ app_init ] --START--
INFO: Run Behavior\BuildLiteBehavior [ RunTime:0.000019s ]
INFO: [ app_init ] --END-- [ RunTime:0.000409s ]
ERR: Êó†Ê≥ïÂä†ËΩΩÊ®°Âùó:Images/8_thumb_G_1241425513488

[ 2016-06-27T00:53:51+08:00 ] 127.0.0.1 /images/ecmoban_link.jpg
INFO: [ app_init ] --START--
INFO: Run Behavior\BuildLiteBehavior [ RunTime:0.000019s ]
INFO: [ app_init ] --END-- [ RunTime:0.000393s ]
ERR: Êó†Ê≥ïÂä†ËΩΩÊ®°Âùó:Images/ecmoban_link

[ 2016-06-27T00:53:51+08:00 ] 127.0.0.1 /images/di.jpg
INFO: [ app_init ] --START--
INFO: Run Behavior\BuildLiteBehavior [ RunTime:0.000096s ]
INFO: [ app_init ] --END-- [ RunTime:0.000626s ]
ERR: Êó†Ê≥ïÂä†ËΩΩÊ®°Âùó:Images/di

[ 2016-06-27T00:53:51+08:00 ] 127.0.0.1 /images/yongda_logo.gif
INFO: [ app_init ] --START--
INFO: Run Behavior\BuildLiteBehavior [ RunTime:0.000019s ]
INFO: [ app_init ] --END-- [ RunTime:0.000406s ]
ERR: Êó†Ê≥ïÂä†ËΩΩÊ®°Âùó:Images/yongda_logo

[ 2016-06-27T00:53:51+08:00 ] 127.0.0.1 /images/sousuo.gif
INFO: [ app_init ] --START--
INFO: Run Behavior\BuildLiteBehavior [ RunTime:0.000022s ]
INFO: [ app_init ] --END-- [ RunTime:0.000448s ]
ERR: Êó†Ê≥ïÂä†ËΩΩÊ®°Âùó:Images/sousuo

[ 2016-06-27T00:53:52+08:00 ] 127.0.0.1 /favicon.ico
INFO: [ app_init ] --START--
INFO: Run Behavior\BuildLiteBehavior [ RunTime:0.000021s ]
INFO: [ app_init ] --END-- [ RunTime:0.000416s ]
ERR: Êó†Ê≥ïÂä†ËΩΩÊ®°Âùó:Favicon

[ 2016-06-27T00:53:52+08:00 ] 127.0.0.1 /favicon.ico
INFO: [ app_init ] --START--
INFO: Run Behavior\BuildLiteBehavior [ RunTime:0.000021s ]
INFO: [ app_init ] --END-- [ RunTime:0.000450s ]
ERR: Êó†Ê≥ïÂä†ËΩΩÊ®°Âùó:Favicon

[ 2016-06-27T00:53:53+08:00 ] 127.0.0.1 /favicon.ico
INFO: [ app_init ] --START--
INFO: Run Behavior\BuildLiteBehavior [ RunTime:0.000022s ]
INFO: [ app_init ] --END-- [ RunTime:0.000434s ]
ERR: Êó†Ê≥ïÂä†ËΩΩÊ®°Âùó:Favicon

[ 2016-06-27T00:57:50+08:00 ] 127.0.0.1 /css/style.css
INFO: [ app_init ] --START--
INFO: Run Behavior\BuildLiteBehavior [ RunTime:0.000024s ]
INFO: [ app_init ] --END-- [ RunTime:0.000497s ]
ERR: Êó†Ê≥ïÂä†ËΩΩÊ®°Âùó:Css/style

[ 2016-06-27T00:57:50+08:00 ] 127.0.0.1 /images/logo.gif
INFO: [ app_init ] --START--
INFO: Run Behavior\BuildLiteBehavior [ RunTime:0.000030s ]
INFO: [ app_init ] --END-- [ RunTime:0.000548s ]
ERR: Êó†Ê≥ïÂä†ËΩΩÊ®°Âùó:Images/logo

[ 2016-06-27T00:57:50+08:00 ] 127.0.0.1 /images/biao6.gif
INFO: [ app_init ] --START--
INFO: Run Behavior\BuildLiteBehavior [ RunTime:0.000021s ]
INFO: [ app_init ] --END-- [ RunTime:0.000431s ]
ERR: Êó†Ê≥ïÂä†ËΩΩÊ®°Âùó:Images/biao6

[ 2016-06-27T00:57:50+08:00 ] 127.0.0.1 /images/biao3.gif
INFO: [ app_init ] --START--
INFO: Run Behavior\BuildLiteBehavior [ RunTime:0.000022s ]
INFO: [ app_init ] --END-- [ RunTime:0.000466s ]
ERR: Êó†Ê≥ïÂä†ËΩΩÊ®°Âùó:Images/biao3

[ 2016-06-27T00:57:50+08:00 ] 127.0.0.1 /images/biao7.gif
INFO: [ app_init ] --START--
INFO: Run Behavior\BuildLiteBehavior [ RunTime:0.000021s ]
INFO: [ app_init ] --END-- [ RunTime:0.000432s ]
ERR: Êó†Ê≥ïÂä†ËΩΩÊ®°Âùó:Images/biao7

[ 2016-06-27T00:57:50+08:00 ] 127.0.0.1 /images/top_1.gif
INFO: [ app_init ] --START--
INFO: Run Behavior\BuildLiteBehavior [ RunTime:0.000024s ]
INFO: [ app_init ] --END-- [ RunTime:0.000483s ]
ERR: Êó†Ê≥ïÂä†ËΩΩÊ®°Âùó:Images/top_1

[ 2016-06-27T00:57:50+08:00 ] 127.0.0.1 /images/top_2.gif
INFO: [ app_init ] --START--
INFO: Run Behavior\BuildLiteBehavior [ RunTime:0.000021s ]
INFO: [ app_init ] --END-- [ RunTime:0.000423s ]
ERR: Êó†Ê≥ïÂä†ËΩΩÊ®°Âùó:Images/top_2

[ 2016-06-27T00:57:50+08:00 ] 127.0.0.1 /images/24_thumb_G_1241971981429.jpg
INFO: [ app_init ] --START--
INFO: Run Behavior\BuildLiteBehavior [ RunTime:0.000042s ]
INFO: [ app_init ] --END-- [ RunTime:0.005040s ]
ERR: Êó†Ê≥ïÂä†ËΩΩÊ®°Âùó:Images/24_thumb_G_1241971981429

[ 2016-06-27T00:57:50+08:00 ] 127.0.0.1 /images/3_thumb_G_1241422082679.jpg
INFO: [ app_init ] --START--
INFO: Run Behavior\BuildLiteBehavior [ RunTime:0.000020s ]
INFO: [ app_init ] --END-- [ RunTime:0.003722s ]
ERR: Êó†Ê≥ïÂä†ËΩΩÊ®°Âùó:Images/3_thumb_G_1241422082679

[ 2016-06-27T00:57:50+08:00 ] 127.0.0.1 /images/top_3.gif
INFO: [ app_init ] --START--
INFO: Run Behavior\BuildLiteBehavior [ RunTime:0.000026s ]
INFO: [ app_init ] --END-- [ RunTime:0.000873s ]
ERR: Êó†Ê≥ïÂä†ËΩΩÊ®°Âùó:Images/top_3

[ 2016-06-27T00:57:50+08:00 ] 127.0.0.1 /images/12_thumb_G_1241965978410.jpg
INFO: [ app_init ] --START--
INFO: Run Behavior\BuildLiteBehavior [ RunTime:0.000021s ]
INFO: [ app_init ] --END-- [ RunTime:0.000735s ]
ERR: Êó†Ê≥ïÂä†ËΩΩÊ®°Âùó:Images/12_thumb_G_1241965978410

[ 2016-06-27T00:57:50+08:00 ] 127.0.0.1 /images/top_4.gif
INFO: [ app_init ] --START--
INFO: Run Behavior\BuildLiteBehavior [ RunTime:0.001083s ]
INFO: [ app_init ] --END-- [ RunTime:0.001560s ]
ERR: Êó†Ê≥ïÂä†ËΩΩÊ®°Âùó:Images/top_4

[ 2016-06-27T00:57:50+08:00 ] 127.0.0.1 /images/top_5.gif
INFO: [ app_init ] --START--
INFO: Run Behavior\BuildLiteBehavior [ RunTime:0.000019s ]
INFO: [ app_init ] --END-- [ RunTime:0.000395s ]
ERR: Êó†Ê≥ïÂä†ËΩΩÊ®°Âùó:Images/top_5

[ 2016-06-27T00:57:50+08:00 ] 127.0.0.1 /images/top_7.gif
INFO: [ app_init ] --START--
INFO: Run Behavior\BuildLiteBehavior [ RunTime:0.000022s ]
INFO: [ app_init ] --END-- [ RunTime:0.000476s ]
ERR: Êó†Ê≥ïÂä†ËΩΩÊ®°Âùó:Images/top_7

[ 2016-06-27T00:57:50+08:00 ] 127.0.0.1 /images/1240803062307572427.gif
INFO: [ app_init ] --START--
INFO: Run Behavior\BuildLiteBehavior [ RunTime:0.000024s ]
INFO: [ app_init ] --END-- [ RunTime:0.000460s ]
ERR: Êó†Ê≥ïÂä†ËΩΩÊ®°Âùó:Images/1240803062307572427

[ 2016-06-27T00:57:50+08:00 ] 127.0.0.1 /images/1240802922410634065.gif
INFO: [ app_init ] --START--
INFO: Run Behavior\BuildLiteBehavior [ RunTime:0.000025s ]
INFO: [ app_init ] --END-- [ RunTime:0.000570s ]
ERR: Êó†Ê≥ïÂä†ËΩΩÊ®°Âùó:Images/1240802922410634065

[ 2016-06-27T00:57:50+08:00 ] 127.0.0.1 /images/1240803144788047486.gif
INFO: [ app_init ] --START--
INFO: Run Behavior\BuildLiteBehavior [ RunTime:0.000023s ]
INFO: [ app_init ] --END-- [ RunTime:0.000484s ]
ERR: Êó†Ê≥ïÂä†ËΩΩÊ®°Âùó:Images/1240803144788047486

[ 2016-06-27T00:57:50+08:00 ] 127.0.0.1 /images/111.jpg
INFO: [ app_init ] --START--
INFO: Run Behavior\BuildLiteBehavior [ RunTime:0.000020s ]
INFO: [ app_init ] --END-- [ RunTime:0.000450s ]
ERR: Êó†Ê≥ïÂä†ËΩΩÊ®°Âùó:Images/111

[ 2016-06-27T00:57:50+08:00 ] 127.0.0.1 /images/top_6.gif
INFO: [ app_init ] --START--
INFO: Run Behavior\BuildLiteBehavior [ RunTime:0.000021s ]
INFO: [ app_init ] --END-- [ RunTime:0.000528s ]
ERR: Êó†Ê≥ïÂä†ËΩΩÊ®°Âùó:Images/top_6

[ 2016-06-27T00:57:50+08:00 ] 127.0.0.1 /images/di.jpg
INFO: [ app_init ] --START--
INFO: Run Behavior\BuildLiteBehavior [ RunTime:0.000020s ]
INFO: [ app_init ] --END-- [ RunTime:0.000414s ]
ERR: Êó†Ê≥ïÂä†ËΩΩÊ®°Âùó:Images/di

[ 2016-06-27T00:57:50+08:00 ] 127.0.0.1 /images/yongda_logo.gif
INFO: [ app_init ] --START--
INFO: Run Behavior\BuildLiteBehavior [ RunTime:0.000020s ]
INFO: [ app_init ] --END-- [ RunTime:0.000414s ]
ERR: Êó†Ê≥ïÂä†ËΩΩÊ®°Âùó:Images/yongda_logo

[ 2016-06-27T00:57:50+08:00 ] 127.0.0.1 /images/sousuo.gif
INFO: [ app_init ] --START--
INFO: Run Behavior\BuildLiteBehavior [ RunTime:0.000019s ]
INFO: [ app_init ] --END-- [ RunTime:0.000425s ]
ERR: Êó†Ê≥ïÂä†ËΩΩÊ®°Âùó:Images/sousuo

[ 2016-06-27T00:57:50+08:00 ] 127.0.0.1 /images/1_thumb_G_1240902890710.jpg
INFO: [ app_init ] --START--
INFO: Run Behavior\BuildLiteBehavior [ RunTime:0.000022s ]
INFO: [ app_init ] --END-- [ RunTime:0.000566s ]
ERR: Êó†Ê≥ïÂä†ËΩΩÊ®°Âùó:Images/1_thumb_G_1240902890710

[ 2016-06-27T00:57:50+08:00 ] 127.0.0.1 /images/9_thumb_G_1241511871555.jpg
INFO: [ app_init ] --START--
INFO: Run Behavior\BuildLiteBehavior [ RunTime:0.000020s ]
INFO: [ app_init ] --END-- [ RunTime:0.000576s ]
ERR: Êó†Ê≥ïÂä†ËΩΩÊ®°Âùó:Images/9_thumb_G_1241511871555

[ 2016-06-27T00:57:50+08:00 ] 127.0.0.1 /images/8_thumb_G_1241425513488.jpg
INFO: [ app_init ] --START--
INFO: Run Behavior\BuildLiteBehavior [ RunTime:0.000024s ]
INFO: [ app_init ] --END-- [ RunTime:0.000486s ]
ERR: Êó†Ê≥ïÂä†ËΩΩÊ®°Âùó:Images/8_thumb_G_1241425513488

[ 2016-06-27T00:57:50+08:00 ] 127.0.0.1 /images/ecmoban_link.jpg
INFO: [ app_init ] --START--
INFO: Run Behavior\BuildLiteBehavior [ RunTime:0.000022s ]
INFO: [ app_init ] --END-- [ RunTime:0.000467s ]
ERR: Êó†Ê≥ïÂä†ËΩΩÊ®°Âùó:Images/ecmoban_link

[ 2016-06-27T01:01:37+08:00 ] 127.0.0.1 /css/style.css
INFO: [ app_init ] --START--
INFO: Run Behavior\BuildLiteBehavior [ RunTime:0.000019s ]
INFO: [ app_init ] --END-- [ RunTime:0.000433s ]
ERR: Êó†Ê≥ïÂä†ËΩΩÊ®°Âùó:Css/style

[ 2016-06-27T01:01:37+08:00 ] 127.0.0.1 /images/logo.gif
INFO: [ app_init ] --START--
INFO: Run Behavior\BuildLiteBehavior [ RunTime:0.000018s ]
INFO: [ app_init ] --END-- [ RunTime:0.000402s ]
ERR: Êó†Ê≥ïÂä†ËΩΩÊ®°Âùó:Images/logo

[ 2016-06-27T01:01:37+08:00 ] 127.0.0.1 /images/biao6.gif
INFO: [ app_init ] --START--
INFO: Run Behavior\BuildLiteBehavior [ RunTime:0.000025s ]
INFO: [ app_init ] --END-- [ RunTime:0.000727s ]
ERR: Êó†Ê≥ïÂä†ËΩΩÊ®°Âùó:Images/biao6

[ 2016-06-27T01:01:37+08:00 ] 127.0.0.1 /images/biao3.gif
INFO: [ app_init ] --START--
INFO: Run Behavior\BuildLiteBehavior [ RunTime:0.000023s ]
INFO: [ app_init ] --END-- [ RunTime:0.000463s ]
ERR: Êó†Ê≥ïÂä†ËΩΩÊ®°Âùó:Images/biao3

[ 2016-06-27T01:01:37+08:00 ] 127.0.0.1 /images/biao7.gif
INFO: [ app_init ] --START--
INFO: Run Behavior\BuildLiteBehavior [ RunTime:0.000020s ]
INFO: [ app_init ] --END-- [ RunTime:0.000440s ]
ERR: Êó†Ê≥ïÂä†ËΩΩÊ®°Âùó:Images/biao7

[ 2016-06-27T01:01:37+08:00 ] 127.0.0.1 /images/top_1.gif
INFO: [ app_init ] --START--
INFO: Run Behavior\BuildLiteBehavior [ RunTime:0.000026s ]
INFO: [ app_init ] --END-- [ RunTime:0.000601s ]
ERR: Êó†Ê≥ïÂä†ËΩΩÊ®°Âùó:Images/top_1

[ 2016-06-27T01:01:37+08:00 ] 127.0.0.1 /images/top_2.gif
INFO: [ app_init ] --START--
INFO: Run Behavior\BuildLiteBehavior [ RunTime:0.000020s ]
INFO: [ app_init ] --END-- [ RunTime:0.000417s ]
ERR: Êó†Ê≥ïÂä†ËΩΩÊ®°Âùó:Images/top_2

[ 2016-06-27T01:01:37+08:00 ] 127.0.0.1 /images/24_thumb_G_1241971981429.jpg
INFO: [ app_init ] --START--
INFO: Run Behavior\BuildLiteBehavior [ RunTime:0.000020s ]
INFO: [ app_init ] --END-- [ RunTime:0.000399s ]
ERR: Êó†Ê≥ïÂä†ËΩΩÊ®°Âùó:Images/24_thumb_G_1241971981429

[ 2016-06-27T01:01:37+08:00 ] 127.0.0.1 /images/3_thumb_G_1241422082679.jpg
INFO: [ app_init ] --START--
INFO: Run Behavior\BuildLiteBehavior [ RunTime:0.000022s ]
INFO: [ app_init ] --END-- [ RunTime:0.000727s ]
ERR: Êó†Ê≥ïÂä†ËΩΩÊ®°Âùó:Images/3_thumb_G_1241422082679

[ 2016-06-27T01:01:37+08:00 ] 127.0.0.1 /images/top_3.gif
INFO: [ app_init ] --START--
INFO: Run Behavior\BuildLiteBehavior [ RunTime:0.000020s ]
INFO: [ app_init ] --END-- [ RunTime:0.000427s ]
ERR: Êó†Ê≥ïÂä†ËΩΩÊ®°Âùó:Images/top_3

[ 2016-06-27T01:01:37+08:00 ] 127.0.0.1 /images/12_thumb_G_1241965978410.jpg
INFO: [ app_init ] --START--
INFO: Run Behavior\BuildLiteBehavior [ RunTime:0.000044s ]
INFO: [ app_init ] --END-- [ RunTime:0.001109s ]
ERR: Êó†Ê≥ïÂä†ËΩΩÊ®°Âùó:Images/12_thumb_G_1241965978410

[ 2016-06-27T01:01:37+08:00 ] 127.0.0.1 /images/top_4.gif
INFO: [ app_init ] --START--
INFO: Run Behavior\BuildLiteBehavior [ RunTime:0.000021s ]
INFO: [ app_init ] --END-- [ RunTime:0.000425s ]
ERR: Êó†Ê≥ïÂä†ËΩΩÊ®°Âùó:Images/top_4

[ 2016-06-27T01:01:37+08:00 ] 127.0.0.1 /images/top_5.gif
INFO: [ app_init ] --START--
INFO: Run Behavior\BuildLiteBehavior [ RunTime:0.000022s ]
INFO: [ app_init ] --END-- [ RunTime:0.000468s ]
ERR: Êó†Ê≥ïÂä†ËΩΩÊ®°Âùó:Images/top_5

[ 2016-06-27T01:01:38+08:00 ] 127.0.0.1 /images/top_7.gif
INFO: [ app_init ] --START--
INFO: Run Behavior\BuildLiteBehavior [ RunTime:0.000021s ]
INFO: [ app_init ] --END-- [ RunTime:0.000452s ]
ERR: Êó†Ê≥ïÂä†ËΩΩÊ®°Âùó:Images/top_7

[ 2016-06-27T01:01:38+08:00 ] 127.0.0.1 /images/1240802922410634065.gif
INFO: [ app_init ] --START--
INFO: Run Behavior\BuildLiteBehavior [ RunTime:0.000031s ]
INFO: [ app_init ] --END-- [ RunTime:0.001396s ]
ERR: Êó†Ê≥ïÂä†ËΩΩÊ®°Âùó:Images/1240802922410634065

[ 2016-06-27T01:01:38+08:00 ] 127.0.0.1 /images/top_6.gif
INFO: [ app_init ] --START--
INFO: Run Behavior\BuildLiteBehavior [ RunTime:0.000024s ]
INFO: [ app_init ] --END-- [ RunTime:0.000617s ]
ERR: Êó†Ê≥ïÂä†ËΩΩÊ®°Âùó:Images/top_6

[ 2016-06-27T01:01:38+08:00 ] 127.0.0.1 /images/1240803144788047486.gif
INFO: [ app_init ] --START--
INFO: Run Behavior\BuildLiteBehavior [ RunTime:0.000020s ]
INFO: [ app_init ] --END-- [ RunTime:0.000421s ]
ERR: Êó†Ê≥ïÂä†ËΩΩÊ®°Âùó:Images/1240803144788047486

[ 2016-06-27T01:01:38+08:00 ] 127.0.0.1 /images/1240803062307572427.gif
INFO: [ app_init ] --START--
INFO: Run Behavior\BuildLiteBehavior [ RunTime:0.000023s ]
INFO: [ app_init ] --END-- [ RunTime:0.000553s ]
ERR: Êó†Ê≥ïÂä†ËΩΩÊ®°Âùó:Images/1240803062307572427

[ 2016-06-27T01:01:38+08:00 ] 127.0.0.1 /images/8_thumb_G_1241425513488.jpg
INFO: [ app_init ] --START--
INFO: Run Behavior\BuildLiteBehavior [ RunTime:0.000023s ]
INFO: [ app_init ] --END-- [ RunTime:0.000452s ]
ERR: Êó†Ê≥ïÂä†ËΩΩÊ®°Âùó:Images/8_thumb_G_1241425513488

[ 2016-06-27T01:01:38+08:00 ] 127.0.0.1 /images/di.jpg
INFO: [ app_init ] --START--
INFO: Run Behavior\BuildLiteBehavior [ RunTime:0.000021s ]
INFO: [ app_init ] --END-- [ RunTime:0.000444s ]
ERR: Êó†Ê≥ïÂä†ËΩΩÊ®°Âùó:Images/di

[ 2016-06-27T01:01:38+08:00 ] 127.0.0.1 /images/yongda_logo.gif
INFO: [ app_init ] --START--
INFO: Run Behavior\BuildLiteBehavior [ RunTime:0.000021s ]
INFO: [ app_init ] --END-- [ RunTime:0.000402s ]
ERR: Êó†Ê≥ïÂä†ËΩΩÊ®°Âùó:Images/yongda_logo

[ 2016-06-27T01:01:38+08:00 ] 127.0.0.1 /images/ecmoban_link.jpg
INFO: [ app_init ] --START--
INFO: Run Behavior\BuildLiteBehavior [ RunTime:0.000022s ]
INFO: [ app_init ] --END-- [ RunTime:0.000441s ]
ERR: Êó†Ê≥ïÂä†ËΩΩÊ®°Âùó:Images/ecmoban_link

[ 2016-06-27T01:01:38+08:00 ] 127.0.0.1 /images/sousuo.gif
INFO: [ app_init ] --START--
INFO: Run Behavior\BuildLiteBehavior [ RunTime:0.000022s ]
INFO: [ app_init ] --END-- [ RunTime:0.000586s ]
ERR: Êó†Ê≥ïÂä†ËΩΩÊ®°Âùó:Images/sousuo

[ 2016-06-27T01:01:38+08:00 ] 127.0.0.1 /images/9_thumb_G_1241511871555.jpg
INFO: [ app_init ] --START--
INFO: Run Behavior\BuildLiteBehavior [ RunTime:0.000025s ]
INFO: [ app_init ] --END-- [ RunTime:0.000508s ]
ERR: Êó†Ê≥ïÂä†ËΩΩÊ®°Âùó:Images/9_thumb_G_1241511871555

[ 2016-06-27T01:01:38+08:00 ] 127.0.0.1 /images/111.jpg
INFO: [ app_init ] --START--
INFO: Run Behavior\BuildLiteBehavior [ RunTime:0.000039s ]
INFO: [ app_init ] --END-- [ RunTime:0.000604s ]
ERR: Êó†Ê≥ïÂä†ËΩΩÊ®°Âùó:Images/111

[ 2016-06-27T01:01:38+08:00 ] 127.0.0.1 /images/1_thumb_G_1240902890710.jpg
INFO: [ app_init ] --START--
INFO: Run Behavior\BuildLiteBehavior [ RunTime:0.000022s ]
INFO: [ app_init ] --END-- [ RunTime:0.000572s ]
ERR: Êó†Ê≥ïÂä†ËΩΩÊ®°Âùó:Images/1_thumb_G_1240902890710

[ 2016-06-27T01:02:06+08:00 ] 127.0.0.1 /css/style.css
INFO: [ app_init ] --START--
INFO: Run Behavior\BuildLiteBehavior [ RunTime:0.000021s ]
INFO: [ app_init ] --END-- [ RunTime:0.000443s ]
ERR: Êó†Ê≥ïÂä†ËΩΩÊ®°Âùó:Css/style

[ 2016-06-27T01:02:06+08:00 ] 127.0.0.1 /images/logo.gif
INFO: [ app_init ] --START--
INFO: Run Behavior\BuildLiteBehavior [ RunTime:0.000023s ]
INFO: [ app_init ] --END-- [ RunTime:0.000481s ]
ERR: Êó†Ê≥ïÂä†ËΩΩÊ®°Âùó:Images/logo

[ 2016-06-27T01:02:06+08:00 ] 127.0.0.1 /images/sousuo.gif
INFO: [ app_init ] --START--
INFO: Run Behavior\BuildLiteBehavior [ RunTime:0.000023s ]
INFO: [ app_init ] --END-- [ RunTime:0.000532s ]
ERR: Êó†Ê≥ïÂä†ËΩΩÊ®°Âùó:Images/sousuo

[ 2016-06-27T01:02:06+08:00 ] 127.0.0.1 /images/24_thumb_G_1241971981429.jpg
INFO: [ app_init ] --START--
INFO: Run Behavior\BuildLiteBehavior [ RunTime:0.000022s ]
INFO: [ app_init ] --END-- [ RunTime:0.000459s ]
ERR: Êó†Ê≥ïÂä†ËΩΩÊ®°Âùó:Images/24_thumb_G_1241971981429

[ 2016-06-27T01:02:06+08:00 ] 127.0.0.1 /images/3_thumb_G_1241422082679.jpg
INFO: [ app_init ] --START--
INFO: Run Behavior\BuildLiteBehavior [ RunTime:0.000020s ]
INFO: [ app_init ] --END-- [ RunTime:0.000406s ]
ERR: Êó†Ê≥ïÂä†ËΩΩÊ®°Âùó:Images/3_thumb_G_1241422082679

[ 2016-06-27T01:02:06+08:00 ] 127.0.0.1 /images/top_3.gif
INFO: [ app_init ] --START--
INFO: Run Behavior\BuildLiteBehavior [ RunTime:0.000062s ]
INFO: [ app_init ] --END-- [ RunTime:0.000460s ]
ERR: Êó†Ê≥ïÂä†ËΩΩÊ®°Âùó:Images/top_3

[ 2016-06-27T01:02:07+08:00 ] 127.0.0.1 /images/biao7.gif
INFO: [ app_init ] --START--
INFO: Run Behavior\BuildLiteBehavior [ RunTime:0.000021s ]
INFO: [ app_init ] --END-- [ RunTime:0.000470s ]
ERR: Êó†Ê≥ïÂä†ËΩΩÊ®°Âùó:Images/biao7

[ 2016-06-27T01:02:07+08:00 ] 127.0.0.1 /images/top_4.gif
INFO: [ app_init ] --START--
INFO: Run Behavior\BuildLiteBehavior [ RunTime:0.000024s ]
INFO: [ app_init ] --END-- [ RunTime:0.000459s ]
ERR: Êó†Ê≥ïÂä†ËΩΩÊ®°Âùó:Images/top_4

[ 2016-06-27T01:02:07+08:00 ] 127.0.0.1 /images/biao6.gif
INFO: [ app_init ] --START--
INFO: Run Behavior\BuildLiteBehavior [ RunTime:0.000020s ]
INFO: [ app_init ] --END-- [ RunTime:0.000403s ]
ERR: Êó†Ê≥ïÂä†ËΩΩÊ®°Âùó:Images/biao6

[ 2016-06-27T01:02:07+08:00 ] 127.0.0.1 /images/top_2.gif
INFO: [ app_init ] --START--
INFO: Run Behavior\BuildLiteBehavior [ RunTime:0.000019s ]
INFO: [ app_init ] --END-- [ RunTime:0.000398s ]
ERR: Êó†Ê≥ïÂä†ËΩΩÊ®°Âùó:Images/top_2

[ 2016-06-27T01:02:07+08:00 ] 127.0.0.1 /images/12_thumb_G_1241965978410.jpg
INFO: [ app_init ] --START--
INFO: Run Behavior\BuildLiteBehavior [ RunTime:0.000020s ]
INFO: [ app_init ] --END-- [ RunTime:0.000411s ]
ERR: Êó†Ê≥ïÂä†ËΩΩÊ®°Âùó:Images/12_thumb_G_1241965978410

[ 2016-06-27T01:02:07+08:00 ] 127.0.0.1 /images/top_1.gif
INFO: [ app_init ] --START--
INFO: Run Behavior\BuildLiteBehavior [ RunTime:0.000021s ]
INFO: [ app_init ] --END-- [ RunTime:0.000397s ]
ERR: Êó†Ê≥ïÂä†ËΩΩÊ®°Âùó:Images/top_1

[ 2016-06-27T01:02:07+08:00 ] 127.0.0.1 /images/biao3.gif
INFO: [ app_init ] --START--
INFO: Run Behavior\BuildLiteBehavior [ RunTime:0.000020s ]
INFO: [ app_init ] --END-- [ RunTime:0.000435s ]
ERR: Êó†Ê≥ïÂä†ËΩΩÊ®°Âùó:Images/biao3

[ 2016-06-27T01:02:07+08:00 ] 127.0.0.1 /images/top_6.gif
INFO: [ app_init ] --START--
INFO: Run Behavior\BuildLiteBehavior [ RunTime:0.000019s ]
INFO: [ app_init ] --END-- [ RunTime:0.000396s ]
ERR: Êó†Ê≥ïÂä†ËΩΩÊ®°Âùó:Images/top_6

[ 2016-06-27T01:02:07+08:00 ] 127.0.0.1 /images/top_7.gif
INFO: [ app_init ] --START--
INFO: Run Behavior\BuildLiteBehavior [ RunTime:0.000021s ]
INFO: [ app_init ] --END-- [ RunTime:0.000407s ]
ERR: Êó†Ê≥ïÂä†ËΩΩÊ®°Âùó:Images/top_7

[ 2016-06-27T01:02:07+08:00 ] 127.0.0.1 /images/1240802922410634065.gif
INFO: [ app_init ] --START--
INFO: Run Behavior\BuildLiteBehavior [ RunTime:0.000025s ]
INFO: [ app_init ] --END-- [ RunTime:0.000469s ]
ERR: Êó†Ê≥ïÂä†ËΩΩÊ®°Âùó:Images/1240802922410634065

[ 2016-06-27T01:02:07+08:00 ] 127.0.0.1 /images/1240803144788047486.gif
INFO: [ app_init ] --START--
INFO: Run Behavior\BuildLiteBehavior [ RunTime:0.000020s ]
INFO: [ app_init ] --END-- [ RunTime:0.000393s ]
ERR: Êó†Ê≥ïÂä†ËΩΩÊ®°Âùó:Images/1240803144788047486

[ 2016-06-27T01:02:07+08:00 ] 127.0.0.1 /images/9_thumb_G_1241511871555.jpg
INFO: [ app_init ] --START--
INFO: Run Behavior\BuildLiteBehavior [ RunTime:0.000020s ]
INFO: [ app_init ] --END-- [ RunTime:0.000406s ]
ERR: Êó†Ê≥ïÂä†ËΩΩÊ®°Âùó:Images/9_thumb_G_1241511871555

[ 2016-06-27T01:02:07+08:00 ] 127.0.0.1 /images/8_thumb_G_1241425513488.jpg
INFO: [ app_init ] --START--
INFO: Run Behavior\BuildLiteBehavior [ RunTime:0.000017s ]
INFO: [ app_init ] --END-- [ RunTime:0.000368s ]
ERR: Êó†Ê≥ïÂä†ËΩΩÊ®°Âùó:Images/8_thumb_G_1241425513488

[ 2016-06-27T01:02:07+08:00 ] 127.0.0.1 /images/1240803062307572427.gif
INFO: [ app_init ] --START--
INFO: Run Behavior\BuildLiteBehavior [ RunTime:0.000018s ]
INFO: [ app_init ] --END-- [ RunTime:0.000399s ]
ERR: Êó†Ê≥ïÂä†ËΩΩÊ®°Âùó:Images/1240803062307572427

[ 2016-06-27T01:02:07+08:00 ] 127.0.0.1 /images/di.jpg
INFO: [ app_init ] --START--
INFO: Run Behavior\BuildLiteBehavior [ RunTime:0.000020s ]
INFO: [ app_init ] --END-- [ RunTime:0.000409s ]
ERR: Êó†Ê≥ïÂä†ËΩΩÊ®°Âùó:Images/di

[ 2016-06-27T01:02:07+08:00 ] 127.0.0.1 /images/ecmoban_link.jpg
INFO: [ app_init ] --START--
INFO: Run Behavior\BuildLiteBehavior [ RunTime:0.000021s ]
INFO: [ app_init ] --END-- [ RunTime:0.000446s ]
ERR: Êó†Ê≥ïÂä†ËΩΩÊ®°Âùó:Images/ecmoban_link

[ 2016-06-27T01:02:07+08:00 ] 127.0.0.1 /images/yongda_logo.gif
INFO: [ app_init ] --START--
INFO: Run Behavior\BuildLiteBehavior [ RunTime:0.000026s ]
INFO: [ app_init ] --END-- [ RunTime:0.000604s ]
ERR: Êó†Ê≥ïÂä†ËΩΩÊ®°Âùó:Images/yongda_logo

[ 2016-06-27T01:02:07+08:00 ] 127.0.0.1 /images/1_thumb_G_1240902890710.jpg
INFO: [ app_init ] --START--
INFO: Run Behavior\BuildLiteBehavior [ RunTime:0.000022s ]
INFO: [ app_init ] --END-- [ RunTime:0.001188s ]
ERR: Êó†Ê≥ïÂä†ËΩΩÊ®°Âùó:Images/1_thumb_G_1240902890710

[ 2016-06-27T01:02:07+08:00 ] 127.0.0.1 /images/111.jpg
INFO: [ app_init ] --START--
INFO: Run Behavior\BuildLiteBehavior [ RunTime:0.000024s ]
INFO: [ app_init ] --END-- [ RunTime:0.000436s ]
ERR: Êó†Ê≥ïÂä†ËΩΩÊ®°Âùó:Images/111

[ 2016-06-27T01:03:04+08:00 ] 127.0.0.1 /css/style.css
INFO: [ app_init ] --START--
INFO: Run Behavior\BuildLiteBehavior [ RunTime:0.000024s ]
INFO: [ app_init ] --END-- [ RunTime:0.000470s ]
ERR: Êó†Ê≥ïÂä†ËΩΩÊ®°Âùó:Css/style

[ 2016-06-27T01:03:04+08:00 ] 127.0.0.1 /images/logo.gif
INFO: [ app_init ] --START--
INFO: Run Behavior\BuildLiteBehavior [ RunTime:0.000022s ]
INFO: [ app_init ] --END-- [ RunTime:0.000447s ]
ERR: Êó†Ê≥ïÂä†ËΩΩÊ®°Âùó:Images/logo

[ 2016-06-27T01:03:04+08:00 ] 127.0.0.1 /images/biao6.gif
INFO: [ app_init ] --START--
INFO: Run Behavior\BuildLiteBehavior [ RunTime:0.000023s ]
INFO: [ app_init ] --END-- [ RunTime:0.000473s ]
ERR: Êó†Ê≥ïÂä†ËΩΩÊ®°Âùó:Images/biao6

[ 2016-06-27T01:03:04+08:00 ] 127.0.0.1 /images/sousuo.gif
INFO: [ app_init ] --START--
INFO: Run Behavior\BuildLiteBehavior [ RunTime:0.000025s ]
INFO: [ app_init ] --END-- [ RunTime:0.000534s ]
ERR: Êó†Ê≥ïÂä†ËΩΩÊ®°Âùó:Images/sousuo

[ 2016-06-27T01:03:04+08:00 ] 127.0.0.1 /images/24_thumb_G_1241971981429.jpg
INFO: [ app_init ] --START--
INFO: Run Behavior\BuildLiteBehavior [ RunTime:0.000021s ]
INFO: [ app_init ] --END-- [ RunTime:0.000427s ]
ERR: Êó†Ê≥ïÂä†ËΩΩÊ®°Âùó:Images/24_thumb_G_1241971981429

[ 2016-06-27T01:03:04+08:00 ] 127.0.0.1 /images/top_3.gif
INFO: [ app_init ] --START--
INFO: Run Behavior\BuildLiteBehavior [ RunTime:0.000027s ]
INFO: [ app_init ] --END-- [ RunTime:0.000513s ]
ERR: Êó†Ê≥ïÂä†ËΩΩÊ®°Âùó:Images/top_3

[ 2016-06-27T01:03:04+08:00 ] 127.0.0.1 /images/biao3.gif
INFO: [ app_init ] --START--
INFO: Run Behavior\BuildLiteBehavior [ RunTime:0.000025s ]
INFO: [ app_init ] --END-- [ RunTime:0.000718s ]
ERR: Êó†Ê≥ïÂä†ËΩΩÊ®°Âùó:Images/biao3

[ 2016-06-27T01:03:04+08:00 ] 127.0.0.1 /images/top_2.gif
INFO: [ app_init ] --START--
INFO: Run Behavior\BuildLiteBehavior [ RunTime:0.000020s ]
INFO: [ app_init ] --END-- [ RunTime:0.000397s ]
ERR: Êó†Ê≥ïÂä†ËΩΩÊ®°Âùó:Images/top_2

[ 2016-06-27T01:03:04+08:00 ] 127.0.0.1 /images/12_thumb_G_1241965978410.jpg
INFO: [ app_init ] --START--
INFO: Run Behavior\BuildLiteBehavior [ RunTime:0.000021s ]
INFO: [ app_init ] --END-- [ RunTime:0.000416s ]
ERR: Êó†Ê≥ïÂä†ËΩΩÊ®°Âùó:Images/12_thumb_G_1241965978410

[ 2016-06-27T01:03:04+08:00 ] 127.0.0.1 /images/biao7.gif
INFO: [ app_init ] --START--
INFO: Run Behavior\BuildLiteBehavior [ RunTime:0.000020s ]
INFO: [ app_init ] --END-- [ RunTime:0.000411s ]
ERR: Êó†Ê≥ïÂä†ËΩΩÊ®°Âùó:Images/biao7

[ 2016-06-27T01:03:04+08:00 ] 127.0.0.1 /images/top_1.gif
INFO: [ app_init ] --START--
INFO: Run Behavior\BuildLiteBehavior [ RunTime:0.000022s ]
INFO: [ app_init ] --END-- [ RunTime:0.000449s ]
ERR: Êó†Ê≥ïÂä†ËΩΩÊ®°Âùó:Images/top_1

[ 2016-06-27T01:03:04+08:00 ] 127.0.0.1 /images/top_5.gif
INFO: [ app_init ] --START--
INFO: Run Behavior\BuildLiteBehavior [ RunTime:0.000035s ]
INFO: [ app_init ] --END-- [ RunTime:0.000537s ]
ERR: Êó†Ê≥ïÂä†ËΩΩÊ®°Âùó:Images/top_5

[ 2016-06-27T01:03:04+08:00 ] 127.0.0.1 /images/3_thumb_G_1241422082679.jpg
INFO: [ app_init ] --START--
INFO: Run Behavior\BuildLiteBehavior [ RunTime:0.000021s ]
INFO: [ app_init ] --END-- [ RunTime:0.000415s ]
ERR: Êó†Ê≥ïÂä†ËΩΩÊ®°Âùó:Images/3_thumb_G_1241422082679

[ 2016-06-27T01:03:04+08:00 ] 127.0.0.1 /images/top_6.gif
INFO: [ app_init ] --START--
INFO: Run Behavior\BuildLiteBehavior [ RunTime:0.000021s ]
INFO: [ app_init ] --END-- [ RunTime:0.000419s ]
ERR: Êó†Ê≥ïÂä†ËΩΩÊ®°Âùó:Images/top_6

[ 2016-06-27T01:03:04+08:00 ] 127.0.0.1 /images/1240802922410634065.gif
INFO: [ app_init ] --START--
INFO: Run Behavior\BuildLiteBehavior [ RunTime:0.000022s ]
INFO: [ app_init ] --END-- [ RunTime:0.000440s ]
ERR: Êó†Ê≥ïÂä†ËΩΩÊ®°Âùó:Images/1240802922410634065

[ 2016-06-27T01:03:04+08:00 ] 127.0.0.1 /images/top_7.gif
INFO: [ app_init ] --START--
INFO: Run Behavior\BuildLiteBehavior [ RunTime:0.000019s ]
INFO: [ app_init ] --END-- [ RunTime:0.000400s ]
ERR: Êó†Ê≥ïÂä†ËΩΩÊ®°Âùó:Images/top_7

[ 2016-06-27T01:03:04+08:00 ] 127.0.0.1 /images/1240803062307572427.gif
INFO: [ app_init ] --START--
INFO: Run Behavior\BuildLiteBehavior [ RunTime:0.000021s ]
INFO: [ app_init ] --END-- [ RunTime:0.000409s ]
ERR: Êó†Ê≥ïÂä†ËΩΩÊ®°Âùó:Images/1240803062307572427

[ 2016-06-27T01:03:04+08:00 ] 127.0.0.1 /images/1_thumb_G_1240902890710.jpg
INFO: [ app_init ] --START--
INFO: Run Behavior\BuildLiteBehavior [ RunTime:0.000195s ]
INFO: [ app_init ] --END-- [ RunTime:0.005877s ]
ERR: Êó†Ê≥ïÂä†ËΩΩÊ®°Âùó:Images/1_thumb_G_1240902890710

[ 2016-06-27T01:03:04+08:00 ] 127.0.0.1 /images/8_thumb_G_1241425513488.jpg
INFO: [ app_init ] --START--
INFO: Run Behavior\BuildLiteBehavior [ RunTime:0.000022s ]
INFO: [ app_init ] --END-- [ RunTime:0.000426s ]
ERR: Êó†Ê≥ïÂä†ËΩΩÊ®°Âùó:Images/8_thumb_G_1241425513488

[ 2016-06-27T01:03:04+08:00 ] 127.0.0.1 /images/ecmoban_link.jpg
INFO: [ app_init ] --START--
INFO: Run Behavior\BuildLiteBehavior [ RunTime:0.000024s ]
INFO: [ app_init ] --END-- [ RunTime:0.000425s ]
ERR: Êó†Ê≥ïÂä†ËΩΩÊ®°Âùó:Images/ecmoban_link

[ 2016-06-27T01:03:04+08:00 ] 127.0.0.1 /images/yongda_logo.gif
INFO: [ app_init ] --START--
INFO: Run Behavior\BuildLiteBehavior [ RunTime:0.000020s ]
INFO: [ app_init ] --END-- [ RunTime:0.000403s ]
ERR: Êó†Ê≥ïÂä†ËΩΩÊ®°Âùó:Images/yongda_logo

[ 2016-06-27T01:03:04+08:00 ] 127.0.0.1 /images/di.jpg
INFO: [ app_init ] --START--
INFO: Run Behavior\BuildLiteBehavior [ RunTime:0.000017s ]
INFO: [ app_init ] --END-- [ RunTime:0.000396s ]
ERR: Êó†Ê≥ïÂä†ËΩΩÊ®°Âùó:Images/di

[ 2016-06-27T01:03:04+08:00 ] 127.0.0.1 /images/top_4.gif
INFO: [ app_init ] --START--
INFO: Run Behavior\BuildLiteBehavior [ RunTime:0.000020s ]
INFO: [ app_init ] --END-- [ RunTime:0.000398s ]
ERR: Êó†Ê≥ïÂä†ËΩΩÊ®°Âùó:Images/top_4

[ 2016-06-27T01:03:04+08:00 ] 127.0.0.1 /images/1240803144788047486.gif
INFO: [ app_init ] --START--
INFO: Run Behavior\BuildLiteBehavior [ RunTime:0.000023s ]
INFO: [ app_init ] --END-- [ RunTime:0.000459s ]
ERR: Êó†Ê≥ïÂä†ËΩΩÊ®°Âùó:Images/1240803144788047486

[ 2016-06-27T01:03:04+08:00 ] 127.0.0.1 /images/111.jpg
INFO: [ app_init ] --START--
INFO: Run Behavior\BuildLiteBehavior [ RunTime:0.000018s ]
INFO: [ app_init ] --END-- [ RunTime:0.000397s ]
ERR: Êó†Ê≥ïÂä†ËΩΩÊ®°Âùó:Images/111

[ 2016-06-27T01:03:04+08:00 ] 127.0.0.1 /images/9_thumb_G_1241511871555.jpg
INFO: [ app_init ] --START--
INFO: Run Behavior\BuildLiteBehavior [ RunTime:0.000027s ]
INFO: [ app_init ] --END-- [ RunTime:0.000697s ]
ERR: Êó†Ê≥ïÂä†ËΩΩÊ®°Âùó:Images/9_thumb_G_1241511871555

